[2025-08-04 21:17:46] local.ERROR: PHP Parse error: Syntax error, unexpected T_NS_SEPARATOR, expecting T_VARIABLE on line 1 {"exception":"[object] (Psy\\Exception\\ParseErrorException(code: 0): PHP Parse error: Syntax error, unexpected T_NS_SEPARATOR, expecting T_VARIABLE on line 1 at C:\\Users\\User\\sheets-backend\\ugo-laravel\\vendor\\psy\\psysh\\src\\Exception\\ParseErrorException.php:44)
[stacktrace]
#0 C:\\Users\\User\\sheets-backend\\ugo-laravel\\vendor\\psy\\psysh\\src\\CodeCleaner.php(306): Psy\\Exception\\ParseErrorException::fromParseError(Object(PhpParser\\Error))
#1 C:\\Users\\User\\sheets-backend\\ugo-laravel\\vendor\\psy\\psysh\\src\\CodeCleaner.php(240): Psy\\CodeCleaner->parse('<?php echo 'Emp...', false)
#2 C:\\Users\\User\\sheets-backend\\ugo-laravel\\vendor\\psy\\psysh\\src\\Shell.php(852): Psy\\CodeCleaner->clean(Array, false)
#3 C:\\Users\\User\\sheets-backend\\ugo-laravel\\vendor\\psy\\psysh\\src\\Shell.php(881): Psy\\Shell->addCode('echo 'Employee ...', true)
#4 C:\\Users\\User\\sheets-backend\\ugo-laravel\\vendor\\psy\\psysh\\src\\Shell.php(1390): Psy\\Shell->setCode('echo 'Employee ...', true)
#5 C:\\Users\\User\\sheets-backend\\ugo-laravel\\vendor\\laravel\\tinker\\src\\Console\\TinkerCommand.php(76): Psy\\Shell->execute('echo 'Employee ...')
#6 C:\\Users\\User\\sheets-backend\\ugo-laravel\\vendor\\laravel\\framework\\src\\Illuminate\\Container\\BoundMethod.php(36): Laravel\\Tinker\\Console\\TinkerCommand->handle()
#7 C:\\Users\\User\\sheets-backend\\ugo-laravel\\vendor\\laravel\\framework\\src\\Illuminate\\Container\\Util.php(43): Illuminate\\Container\\BoundMethod::{closure:Illuminate\\Container\\BoundMethod::call():35}()
#8 C:\\Users\\User\\sheets-backend\\ugo-laravel\\vendor\\laravel\\framework\\src\\Illuminate\\Container\\BoundMethod.php(95): Illuminate\\Container\\Util::unwrapIfClosure(Object(Closure))
#9 C:\\Users\\User\\sheets-backend\\ugo-laravel\\vendor\\laravel\\framework\\src\\Illuminate\\Container\\BoundMethod.php(35): Illuminate\\Container\\BoundMethod::callBoundMethod(Object(Illuminate\\Foundation\\Application), Array, Object(Closure))
#10 C:\\Users\\User\\sheets-backend\\ugo-laravel\\vendor\\laravel\\framework\\src\\Illuminate\\Container\\Container.php(696): Illuminate\\Container\\BoundMethod::call(Object(Illuminate\\Foundation\\Application), Array, Array, NULL)
#11 C:\\Users\\User\\sheets-backend\\ugo-laravel\\vendor\\laravel\\framework\\src\\Illuminate\\Console\\Command.php(213): Illuminate\\Container\\Container->call(Array)
#12 C:\\Users\\User\\sheets-backend\\ugo-laravel\\vendor\\symfony\\console\\Command\\Command.php(318): Illuminate\\Console\\Command->execute(Object(Symfony\\Component\\Console\\Input\\ArgvInput), Object(Illuminate\\Console\\OutputStyle))
#13 C:\\Users\\User\\sheets-backend\\ugo-laravel\\vendor\\laravel\\framework\\src\\Illuminate\\Console\\Command.php(182): Symfony\\Component\\Console\\Command\\Command->run(Object(Symfony\\Component\\Console\\Input\\ArgvInput), Object(Illuminate\\Console\\OutputStyle))
#14 C:\\Users\\User\\sheets-backend\\ugo-laravel\\vendor\\symfony\\console\\Application.php(1092): Illuminate\\Console\\Command->run(Object(Symfony\\Component\\Console\\Input\\ArgvInput), Object(Symfony\\Component\\Console\\Output\\ConsoleOutput))
#15 C:\\Users\\User\\sheets-backend\\ugo-laravel\\vendor\\symfony\\console\\Application.php(341): Symfony\\Component\\Console\\Application->doRunCommand(Object(Laravel\\Tinker\\Console\\TinkerCommand), Object(Symfony\\Component\\Console\\Input\\ArgvInput), Object(Symfony\\Component\\Console\\Output\\ConsoleOutput))
#16 C:\\Users\\User\\sheets-backend\\ugo-laravel\\vendor\\symfony\\console\\Application.php(192): Symfony\\Component\\Console\\Application->doRun(Object(Symfony\\Component\\Console\\Input\\ArgvInput), Object(Symfony\\Component\\Console\\Output\\ConsoleOutput))
#17 C:\\Users\\User\\sheets-backend\\ugo-laravel\\vendor\\laravel\\framework\\src\\Illuminate\\Foundation\\Console\\Kernel.php(198): Symfony\\Component\\Console\\Application->run(Object(Symfony\\Component\\Console\\Input\\ArgvInput), Object(Symfony\\Component\\Console\\Output\\ConsoleOutput))
#18 C:\\Users\\User\\sheets-backend\\ugo-laravel\\artisan(35): Illuminate\\Foundation\\Console\\Kernel->handle(Object(Symfony\\Component\\Console\\Input\\ArgvInput), Object(Symfony\\Component\\Console\\Output\\ConsoleOutput))
#19 {main}
"} 
[2025-08-04 21:18:38] local.ERROR: syntax error, unexpected token "use" {"exception":"[object] (ParseError(code: 0): syntax error, unexpected token \"use\" at C:\\Users\\User\\sheets-backend\\ugo-laravel\\routes\\web.php:84)
[stacktrace]
#0 C:\\Users\\User\\sheets-backend\\ugo-laravel\\vendor\\laravel\\framework\\src\\Illuminate\\Routing\\Router.php(513): Illuminate\\Routing\\RouteFileRegistrar->register('C:\\\\Users\\\\User\\\\s...')
#1 C:\\Users\\User\\sheets-backend\\ugo-laravel\\vendor\\laravel\\framework\\src\\Illuminate\\Routing\\Router.php(467): Illuminate\\Routing\\Router->loadRoutes('C:\\\\Users\\\\User\\\\s...')
#2 C:\\Users\\User\\sheets-backend\\ugo-laravel\\vendor\\laravel\\framework\\src\\Illuminate\\Routing\\RouteRegistrar.php(207): Illuminate\\Routing\\Router->group(Array, 'C:\\\\Users\\\\User\\\\s...')
#3 C:\\Users\\User\\sheets-backend\\ugo-laravel\\vendor\\laravel\\framework\\src\\Illuminate\\Foundation\\Configuration\\ApplicationBuilder.php(248): Illuminate\\Routing\\RouteRegistrar->group('C:\\\\Users\\\\User\\\\s...')
#4 C:\\Users\\User\\sheets-backend\\ugo-laravel\\vendor\\laravel\\framework\\src\\Illuminate\\Container\\BoundMethod.php(36): Illuminate\\Foundation\\Configuration\\ApplicationBuilder->{closure:Illuminate\\Foundation\\Configuration\\ApplicationBuilder::buildRoutingCallback():205}()
#5 C:\\Users\\User\\sheets-backend\\ugo-laravel\\vendor\\laravel\\framework\\src\\Illuminate\\Container\\Util.php(43): Illuminate\\Container\\BoundMethod::{closure:Illuminate\\Container\\BoundMethod::call():35}()
#6 C:\\Users\\User\\sheets-backend\\ugo-laravel\\vendor\\laravel\\framework\\src\\Illuminate\\Container\\BoundMethod.php(83): Illuminate\\Container\\Util::unwrapIfClosure(Object(Closure))
#7 C:\\Users\\User\\sheets-backend\\ugo-laravel\\vendor\\laravel\\framework\\src\\Illuminate\\Container\\BoundMethod.php(35): Illuminate\\Container\\BoundMethod::callBoundMethod(Object(Illuminate\\Foundation\\Application), Object(Closure), Object(Closure))
#8 C:\\Users\\User\\sheets-backend\\ugo-laravel\\vendor\\laravel\\framework\\src\\Illuminate\\Container\\Container.php(696): Illuminate\\Container\\BoundMethod::call(Object(Illuminate\\Foundation\\Application), Object(Closure), Array, NULL)
#9 C:\\Users\\User\\sheets-backend\\ugo-laravel\\vendor\\laravel\\framework\\src\\Illuminate\\Foundation\\Support\\Providers\\RouteServiceProvider.php(162): Illuminate\\Container\\Container->call(Object(Closure))
#10 C:\\Users\\User\\sheets-backend\\ugo-laravel\\vendor\\laravel\\framework\\src\\Illuminate\\Foundation\\Support\\Providers\\RouteServiceProvider.php(59): Illuminate\\Foundation\\Support\\Providers\\RouteServiceProvider->loadRoutes()
#11 C:\\Users\\User\\sheets-backend\\ugo-laravel\\vendor\\laravel\\framework\\src\\Illuminate\\Container\\BoundMethod.php(36): Illuminate\\Foundation\\Support\\Providers\\RouteServiceProvider->{closure:Illuminate\\Foundation\\Support\\Providers\\RouteServiceProvider::register():53}()
#12 C:\\Users\\User\\sheets-backend\\ugo-laravel\\vendor\\laravel\\framework\\src\\Illuminate\\Container\\Util.php(43): Illuminate\\Container\\BoundMethod::{closure:Illuminate\\Container\\BoundMethod::call():35}()
#13 C:\\Users\\User\\sheets-backend\\ugo-laravel\\vendor\\laravel\\framework\\src\\Illuminate\\Container\\BoundMethod.php(83): Illuminate\\Container\\Util::unwrapIfClosure(Object(Closure))
#14 C:\\Users\\User\\sheets-backend\\ugo-laravel\\vendor\\laravel\\framework\\src\\Illuminate\\Container\\BoundMethod.php(35): Illuminate\\Container\\BoundMethod::callBoundMethod(Object(Illuminate\\Foundation\\Application), Object(Closure), Object(Closure))
#15 C:\\Users\\User\\sheets-backend\\ugo-laravel\\vendor\\laravel\\framework\\src\\Illuminate\\Container\\Container.php(696): Illuminate\\Container\\BoundMethod::call(Object(Illuminate\\Foundation\\Application), Object(Closure), Array, NULL)
#16 C:\\Users\\User\\sheets-backend\\ugo-laravel\\vendor\\laravel\\framework\\src\\Illuminate\\Support\\ServiceProvider.php(144): Illuminate\\Container\\Container->call(Object(Closure))
#17 C:\\Users\\User\\sheets-backend\\ugo-laravel\\vendor\\laravel\\framework\\src\\Illuminate\\Foundation\\Application.php(1154): Illuminate\\Support\\ServiceProvider->callBootedCallbacks()
#18 C:\\Users\\User\\sheets-backend\\ugo-laravel\\vendor\\laravel\\framework\\src\\Illuminate\\Foundation\\Application.php(1132): Illuminate\\Foundation\\Application->bootProvider(Object(Illuminate\\Foundation\\Support\\Providers\\RouteServiceProvider))
#19 [internal function]: Illuminate\\Foundation\\Application->{closure:Illuminate\\Foundation\\Application::boot():1131}(Object(Illuminate\\Foundation\\Support\\Providers\\RouteServiceProvider), 'Illuminate\\\\Foun...')
#20 C:\\Users\\User\\sheets-backend\\ugo-laravel\\vendor\\laravel\\framework\\src\\Illuminate\\Foundation\\Application.php(1131): array_walk(Array, Object(Closure))
#21 C:\\Users\\User\\sheets-backend\\ugo-laravel\\vendor\\laravel\\framework\\src\\Illuminate\\Foundation\\Bootstrap\\BootProviders.php(17): Illuminate\\Foundation\\Application->boot()
#22 C:\\Users\\User\\sheets-backend\\ugo-laravel\\vendor\\laravel\\framework\\src\\Illuminate\\Foundation\\Application.php(342): Illuminate\\Foundation\\Bootstrap\\BootProviders->bootstrap(Object(Illuminate\\Foundation\\Application))
#23 C:\\Users\\User\\sheets-backend\\ugo-laravel\\vendor\\laravel\\framework\\src\\Illuminate\\Foundation\\Http\\Kernel.php(187): Illuminate\\Foundation\\Application->bootstrapWith(Array)
#24 C:\\Users\\User\\sheets-backend\\ugo-laravel\\vendor\\laravel\\framework\\src\\Illuminate\\Foundation\\Http\\Kernel.php(171): Illuminate\\Foundation\\Http\\Kernel->bootstrap()
#25 C:\\Users\\User\\sheets-backend\\ugo-laravel\\vendor\\laravel\\framework\\src\\Illuminate\\Foundation\\Http\\Kernel.php(145): Illuminate\\Foundation\\Http\\Kernel->sendRequestThroughRouter(Object(Illuminate\\Http\\Request))
#26 C:\\Users\\User\\sheets-backend\\ugo-laravel\\public\\index.php(51): Illuminate\\Foundation\\Http\\Kernel->handle(Object(Illuminate\\Http\\Request))
#27 C:\\Users\\User\\sheets-backend\\ugo-laravel\\vendor\\laravel\\framework\\src\\Illuminate\\Foundation\\resources\\server.php(23): require_once('C:\\\\Users\\\\User\\\\s...')
#28 {main}
"} 
[2025-08-04 21:19:03] local.INFO: Favorite::toggle called {"employee_id":"101","product_id":1} 
[2025-08-04 21:19:03] local.INFO: Favorite::toggle - existing favorite found {"employee_id":"101","product_id":1,"existing_favorite":4} 
[2025-08-04 21:19:03] local.INFO: Favorite::toggle - removed favorite {"employee_id":"101","product_id":1,"deleted_favorite_id":4} 
[2025-08-04 21:19:03] local.INFO: Favorite toggled {"employee_id":"101","product_id":1,"action":"removed"} 
[2025-08-04 21:19:03] local.INFO: FavoritesService::getUserFavorites called {"employee_id":"101"} 
[2025-08-04 21:19:03] local.INFO: FavoritesService::getUserFavorites result {"employee_id":"101","count":3,"favorites":[3,2,1]} 
[2025-08-04 21:30:41] local.INFO: Favorites API toggle called {"product_id":3,"employee_id":"2Sp8RbIrzVfe8wlpKetki9Ev1Rw2","employee_exists":"yes"} 
[2025-08-04 21:30:41] local.INFO: Favorite::toggle called {"employee_id":"2Sp8RbIrzVfe8wlpKetki9Ev1Rw2","product_id":3} 
[2025-08-04 21:30:41] local.INFO: Favorite::toggle - existing favorite found {"employee_id":"2Sp8RbIrzVfe8wlpKetki9Ev1Rw2","product_id":3,"existing_favorite":7} 
[2025-08-04 21:30:41] local.INFO: Favorite::toggle - removed favorite {"employee_id":"2Sp8RbIrzVfe8wlpKetki9Ev1Rw2","product_id":3,"deleted_favorite_id":7} 
[2025-08-04 21:30:41] local.INFO: Favorite toggled {"employee_id":"2Sp8RbIrzVfe8wlpKetki9Ev1Rw2","product_id":3,"action":"removed"} 
[2025-08-04 21:30:41] local.INFO: Favorites API toggle result {"employee_id":"2Sp8RbIrzVfe8wlpKetki9Ev1Rw2","product_id":3,"added":false,"result":{"added":false,"favorite":null}} 
[2025-08-04 21:30:44] local.INFO: Favorites API toggle called {"product_id":3,"employee_id":"2Sp8RbIrzVfe8wlpKetki9Ev1Rw2","employee_exists":"yes"} 
[2025-08-04 21:30:44] local.INFO: Favorite::toggle called {"employee_id":"2Sp8RbIrzVfe8wlpKetki9Ev1Rw2","product_id":3} 
[2025-08-04 21:30:44] local.INFO: Favorite::toggle - existing favorite found {"employee_id":"2Sp8RbIrzVfe8wlpKetki9Ev1Rw2","product_id":3,"existing_favorite":"none"} 
[2025-08-04 21:30:44] local.INFO: Favorite::toggle - created favorite {"employee_id":"2Sp8RbIrzVfe8wlpKetki9Ev1Rw2","product_id":3,"created_favorite_id":12} 
[2025-08-04 21:30:44] local.INFO: Favorite toggled {"employee_id":"2Sp8RbIrzVfe8wlpKetki9Ev1Rw2","product_id":3,"action":"added"} 
[2025-08-04 21:30:44] local.INFO: Favorites API toggle result {"employee_id":"2Sp8RbIrzVfe8wlpKetki9Ev1Rw2","product_id":3,"added":true,"result":{"added":true,"favorite":{"App\\Models\\Favorite":{"empleado_id":"2Sp8RbIrzVfe8wlpKetki9Ev1Rw2","producto_id":3,"fecha_agregado":"2025-08-04T21:30:44.000000Z","updated_at":"2025-08-04T21:30:44.000000Z","created_at":"2025-08-04T21:30:44.000000Z","id":12}}}} 
[2025-08-04 21:30:48] local.INFO: Favorites API toggle called {"product_id":3,"employee_id":"2Sp8RbIrzVfe8wlpKetki9Ev1Rw2","employee_exists":"yes"} 
[2025-08-04 21:30:48] local.INFO: Favorite::toggle called {"employee_id":"2Sp8RbIrzVfe8wlpKetki9Ev1Rw2","product_id":3} 
[2025-08-04 21:30:48] local.INFO: Favorite::toggle - existing favorite found {"employee_id":"2Sp8RbIrzVfe8wlpKetki9Ev1Rw2","product_id":3,"existing_favorite":12} 
[2025-08-04 21:30:48] local.INFO: Favorite::toggle - removed favorite {"employee_id":"2Sp8RbIrzVfe8wlpKetki9Ev1Rw2","product_id":3,"deleted_favorite_id":12} 
[2025-08-04 21:30:48] local.INFO: Favorite toggled {"employee_id":"2Sp8RbIrzVfe8wlpKetki9Ev1Rw2","product_id":3,"action":"removed"} 
[2025-08-04 21:30:48] local.INFO: Favorites API toggle result {"employee_id":"2Sp8RbIrzVfe8wlpKetki9Ev1Rw2","product_id":3,"added":false,"result":{"added":false,"favorite":null}} 
[2025-08-04 21:30:51] local.INFO: Favorites API toggle called {"product_id":3,"employee_id":"2Sp8RbIrzVfe8wlpKetki9Ev1Rw2","employee_exists":"yes"} 
[2025-08-04 21:30:51] local.INFO: Favorite::toggle called {"employee_id":"2Sp8RbIrzVfe8wlpKetki9Ev1Rw2","product_id":3} 
[2025-08-04 21:30:51] local.INFO: Favorite::toggle - existing favorite found {"employee_id":"2Sp8RbIrzVfe8wlpKetki9Ev1Rw2","product_id":3,"existing_favorite":"none"} 
[2025-08-04 21:30:51] local.INFO: Favorite::toggle - created favorite {"employee_id":"2Sp8RbIrzVfe8wlpKetki9Ev1Rw2","product_id":3,"created_favorite_id":13} 
[2025-08-04 21:30:51] local.INFO: Favorite toggled {"employee_id":"2Sp8RbIrzVfe8wlpKetki9Ev1Rw2","product_id":3,"action":"added"} 
[2025-08-04 21:30:51] local.INFO: Favorites API toggle result {"employee_id":"2Sp8RbIrzVfe8wlpKetki9Ev1Rw2","product_id":3,"added":true,"result":{"added":true,"favorite":{"App\\Models\\Favorite":{"empleado_id":"2Sp8RbIrzVfe8wlpKetki9Ev1Rw2","producto_id":3,"fecha_agregado":"2025-08-04T21:30:51.000000Z","updated_at":"2025-08-04T21:30:51.000000Z","created_at":"2025-08-04T21:30:51.000000Z","id":13}}}} 
[2025-08-04 21:35:10] local.INFO: Favorites API toggle called {"product_id":6,"employee_id":"2Sp8RbIrzVfe8wlpKetki9Ev1Rw2","employee_exists":"yes"} 
[2025-08-04 21:35:10] local.INFO: Favorite::toggle called {"employee_id":"2Sp8RbIrzVfe8wlpKetki9Ev1Rw2","product_id":6} 
[2025-08-04 21:35:10] local.INFO: Favorite::toggle - existing favorite found {"employee_id":"2Sp8RbIrzVfe8wlpKetki9Ev1Rw2","product_id":6,"existing_favorite":"none"} 
[2025-08-04 21:35:10] local.INFO: Favorite::toggle - created favorite {"employee_id":"2Sp8RbIrzVfe8wlpKetki9Ev1Rw2","product_id":6,"created_favorite_id":14} 
[2025-08-04 21:35:10] local.INFO: Favorite toggled {"employee_id":"2Sp8RbIrzVfe8wlpKetki9Ev1Rw2","product_id":6,"action":"added"} 
[2025-08-04 21:35:10] local.INFO: Favorites API toggle result {"employee_id":"2Sp8RbIrzVfe8wlpKetki9Ev1Rw2","product_id":6,"added":true,"result":{"added":true,"favorite":{"App\\Models\\Favorite":{"empleado_id":"2Sp8RbIrzVfe8wlpKetki9Ev1Rw2","producto_id":6,"fecha_agregado":"2025-08-04T21:35:10.000000Z","updated_at":"2025-08-04T21:35:10.000000Z","created_at":"2025-08-04T21:35:10.000000Z","id":14}}}} 
[2025-08-04 21:35:22] local.INFO: Favorites API toggle called {"product_id":8,"employee_id":"2Sp8RbIrzVfe8wlpKetki9Ev1Rw2","employee_exists":"yes"} 
[2025-08-04 21:35:22] local.INFO: Favorite::toggle called {"employee_id":"2Sp8RbIrzVfe8wlpKetki9Ev1Rw2","product_id":8} 
[2025-08-04 21:35:22] local.INFO: Favorite::toggle - existing favorite found {"employee_id":"2Sp8RbIrzVfe8wlpKetki9Ev1Rw2","product_id":8,"existing_favorite":"none"} 
[2025-08-04 21:35:22] local.INFO: Favorite::toggle - created favorite {"employee_id":"2Sp8RbIrzVfe8wlpKetki9Ev1Rw2","product_id":8,"created_favorite_id":15} 
[2025-08-04 21:35:22] local.INFO: Favorite toggled {"employee_id":"2Sp8RbIrzVfe8wlpKetki9Ev1Rw2","product_id":8,"action":"added"} 
[2025-08-04 21:35:22] local.INFO: Favorites API toggle result {"employee_id":"2Sp8RbIrzVfe8wlpKetki9Ev1Rw2","product_id":8,"added":true,"result":{"added":true,"favorite":{"App\\Models\\Favorite":{"empleado_id":"2Sp8RbIrzVfe8wlpKetki9Ev1Rw2","producto_id":8,"fecha_agregado":"2025-08-04T21:35:22.000000Z","updated_at":"2025-08-04T21:35:22.000000Z","created_at":"2025-08-04T21:35:22.000000Z","id":15}}}} 
[2025-08-04 21:37:56] local.INFO: Favorites API toggle called {"product_id":4,"employee_id":"2Sp8RbIrzVfe8wlpKetki9Ev1Rw2","employee_exists":"yes"} 
[2025-08-04 21:37:56] local.INFO: Favorite::toggle called {"employee_id":"2Sp8RbIrzVfe8wlpKetki9Ev1Rw2","product_id":4} 
[2025-08-04 21:37:56] local.INFO: Favorite::toggle - existing favorite found {"employee_id":"2Sp8RbIrzVfe8wlpKetki9Ev1Rw2","product_id":4,"existing_favorite":6} 
[2025-08-04 21:37:56] local.INFO: Favorite::toggle - removed favorite {"employee_id":"2Sp8RbIrzVfe8wlpKetki9Ev1Rw2","product_id":4,"deleted_favorite_id":6} 
[2025-08-04 21:37:56] local.INFO: Favorite toggled {"employee_id":"2Sp8RbIrzVfe8wlpKetki9Ev1Rw2","product_id":4,"action":"removed"} 
[2025-08-04 21:37:56] local.INFO: Favorites API toggle result {"employee_id":"2Sp8RbIrzVfe8wlpKetki9Ev1Rw2","product_id":4,"added":false,"result":{"added":false,"favorite":null}} 
[2025-08-04 21:38:00] local.INFO: Favorites API toggle called {"product_id":4,"employee_id":"2Sp8RbIrzVfe8wlpKetki9Ev1Rw2","employee_exists":"yes"} 
[2025-08-04 21:38:00] local.INFO: Favorite::toggle called {"employee_id":"2Sp8RbIrzVfe8wlpKetki9Ev1Rw2","product_id":4} 
[2025-08-04 21:38:00] local.INFO: Favorite::toggle - existing favorite found {"employee_id":"2Sp8RbIrzVfe8wlpKetki9Ev1Rw2","product_id":4,"existing_favorite":"none"} 
[2025-08-04 21:38:00] local.INFO: Favorite::toggle - created favorite {"employee_id":"2Sp8RbIrzVfe8wlpKetki9Ev1Rw2","product_id":4,"created_favorite_id":16} 
[2025-08-04 21:38:00] local.INFO: Favorite toggled {"employee_id":"2Sp8RbIrzVfe8wlpKetki9Ev1Rw2","product_id":4,"action":"added"} 
[2025-08-04 21:38:00] local.INFO: Favorites API toggle result {"employee_id":"2Sp8RbIrzVfe8wlpKetki9Ev1Rw2","product_id":4,"added":true,"result":{"added":true,"favorite":{"App\\Models\\Favorite":{"empleado_id":"2Sp8RbIrzVfe8wlpKetki9Ev1Rw2","producto_id":4,"fecha_agregado":"2025-08-04T21:38:00.000000Z","updated_at":"2025-08-04T21:38:00.000000Z","created_at":"2025-08-04T21:38:00.000000Z","id":16}}}} 
[2025-08-04 21:38:33] local.INFO: Favorites API toggle called {"product_id":7,"employee_id":"2Sp8RbIrzVfe8wlpKetki9Ev1Rw2","employee_exists":"yes"} 
[2025-08-04 21:38:33] local.INFO: Favorite::toggle called {"employee_id":"2Sp8RbIrzVfe8wlpKetki9Ev1Rw2","product_id":7} 
[2025-08-04 21:38:33] local.INFO: Favorite::toggle - existing favorite found {"employee_id":"2Sp8RbIrzVfe8wlpKetki9Ev1Rw2","product_id":7,"existing_favorite":"none"} 
[2025-08-04 21:38:33] local.INFO: Favorite::toggle - created favorite {"employee_id":"2Sp8RbIrzVfe8wlpKetki9Ev1Rw2","product_id":7,"created_favorite_id":17} 
[2025-08-04 21:38:33] local.INFO: Favorite toggled {"employee_id":"2Sp8RbIrzVfe8wlpKetki9Ev1Rw2","product_id":7,"action":"added"} 
[2025-08-04 21:38:33] local.INFO: Favorites API toggle result {"employee_id":"2Sp8RbIrzVfe8wlpKetki9Ev1Rw2","product_id":7,"added":true,"result":{"added":true,"favorite":{"App\\Models\\Favorite":{"empleado_id":"2Sp8RbIrzVfe8wlpKetki9Ev1Rw2","producto_id":7,"fecha_agregado":"2025-08-04T21:38:33.000000Z","updated_at":"2025-08-04T21:38:33.000000Z","created_at":"2025-08-04T21:38:33.000000Z","id":17}}}} 
[2025-08-04 21:41:26] local.INFO: Favorites API toggle called {"product_id":7,"employee_id":"2Sp8RbIrzVfe8wlpKetki9Ev1Rw2","employee_exists":"yes"} 
[2025-08-04 21:41:26] local.INFO: Favorite::toggle called {"employee_id":"2Sp8RbIrzVfe8wlpKetki9Ev1Rw2","product_id":7} 
[2025-08-04 21:41:26] local.INFO: Favorite::toggle - existing favorite found {"employee_id":"2Sp8RbIrzVfe8wlpKetki9Ev1Rw2","product_id":7,"existing_favorite":17} 
[2025-08-04 21:41:26] local.INFO: Favorite::toggle - removed favorite {"employee_id":"2Sp8RbIrzVfe8wlpKetki9Ev1Rw2","product_id":7,"deleted_favorite_id":17} 
[2025-08-04 21:41:26] local.INFO: Favorite toggled {"employee_id":"2Sp8RbIrzVfe8wlpKetki9Ev1Rw2","product_id":7,"action":"removed"} 
[2025-08-04 21:41:26] local.INFO: Favorites API toggle result {"employee_id":"2Sp8RbIrzVfe8wlpKetki9Ev1Rw2","product_id":7,"added":false,"result":{"added":false,"favorite":null}} 
[2025-08-04 21:41:34] local.INFO: Favorites API toggle called {"product_id":7,"employee_id":"2Sp8RbIrzVfe8wlpKetki9Ev1Rw2","employee_exists":"yes"} 
[2025-08-04 21:41:34] local.INFO: Favorite::toggle called {"employee_id":"2Sp8RbIrzVfe8wlpKetki9Ev1Rw2","product_id":7} 
[2025-08-04 21:41:34] local.INFO: Favorite::toggle - existing favorite found {"employee_id":"2Sp8RbIrzVfe8wlpKetki9Ev1Rw2","product_id":7,"existing_favorite":"none"} 
[2025-08-04 21:41:34] local.INFO: Favorite::toggle - created favorite {"employee_id":"2Sp8RbIrzVfe8wlpKetki9Ev1Rw2","product_id":7,"created_favorite_id":18} 
[2025-08-04 21:41:34] local.INFO: Favorite toggled {"employee_id":"2Sp8RbIrzVfe8wlpKetki9Ev1Rw2","product_id":7,"action":"added"} 
[2025-08-04 21:41:34] local.INFO: Favorites API toggle result {"employee_id":"2Sp8RbIrzVfe8wlpKetki9Ev1Rw2","product_id":7,"added":true,"result":{"added":true,"favorite":{"App\\Models\\Favorite":{"empleado_id":"2Sp8RbIrzVfe8wlpKetki9Ev1Rw2","producto_id":7,"fecha_agregado":"2025-08-04T21:41:34.000000Z","updated_at":"2025-08-04T21:41:34.000000Z","created_at":"2025-08-04T21:41:34.000000Z","id":18}}}} 
[2025-08-04 21:42:35] local.WARNING: Firebase Auth exception {"error":"The value 'test' is not a verified ID token:

- The token is invalidThe JWT string must have two dots

","user_agent":"curl/8.14.1","ip":"127.0.0.1"} 
[2025-08-04 21:45:01] local.INFO: Favorites API index called {"has_employee":"yes","employee_id":"2Sp8RbIrzVfe8wlpKetki9Ev1Rw2"} 
[2025-08-04 21:45:01] local.INFO: FavoritesService::getUserFavorites called {"employee_id":"2Sp8RbIrzVfe8wlpKetki9Ev1Rw2"} 
[2025-08-04 21:45:01] local.INFO: FavoritesService::getUserFavorites result {"employee_id":"2Sp8RbIrzVfe8wlpKetki9Ev1Rw2","count":7,"favorites":[18,16,15,14,13,11,10]} 
[2025-08-04 21:45:01] local.INFO: Favorites API index result {"employee_id":"2Sp8RbIrzVfe8wlpKetki9Ev1Rw2","favorites_count":7,"stats":{"total_favorites":7,"available_favorites":7,"total_cost":5250,"affordable_favorites":0,"can_afford_all":false}} 
[2025-08-04 21:58:21] local.INFO: Favorites WEB index called {"has_employee":"yes","employee_id":"2Sp8RbIrzVfe8wlpKetki9Ev1Rw2","has_auth_header":true,"user_agent":"Mozilla/5.0 (Windows NT 10.0; Win64; x64) AppleWebKit/537.36 (KHTML, like Gecko) Chrome/138.0.0.0 Safari/537.36"} 
[2025-08-04 21:58:21] local.INFO: FavoritesService::getUserFavorites called {"employee_id":"2Sp8RbIrzVfe8wlpKetki9Ev1Rw2"} 
[2025-08-04 21:58:21] local.INFO: FavoritesService::getUserFavorites result {"employee_id":"2Sp8RbIrzVfe8wlpKetki9Ev1Rw2","count":7,"favorites":[18,16,15,14,13,11,10]} 
[2025-08-04 21:58:21] local.INFO: Favorites WEB index result {"has_employee":"yes","favorites_count":7,"stats":{"total_favorites":7,"available_favorites":7,"total_cost":5250,"affordable_favorites":0,"can_afford_all":false}} 
[2025-08-04 21:58:21] local.INFO: FavoritesService::getUserFavorites called {"employee_id":"2Sp8RbIrzVfe8wlpKetki9Ev1Rw2"} 
[2025-08-04 21:58:21] local.INFO: FavoritesService::getUserFavorites result {"employee_id":"2Sp8RbIrzVfe8wlpKetki9Ev1Rw2","count":7,"favorites":[18,16,15,14,13,11,10]} 
[2025-08-04 21:59:00] local.INFO: Favorites WEB index called {"has_employee":"yes","employee_id":"2Sp8RbIrzVfe8wlpKetki9Ev1Rw2","has_auth_header":true,"user_agent":"Mozilla/5.0 (Windows NT 10.0; Win64; x64) AppleWebKit/537.36 (KHTML, like Gecko) Chrome/138.0.0.0 Safari/537.36"} 
[2025-08-04 21:59:00] local.INFO: FavoritesService::getUserFavorites called {"employee_id":"2Sp8RbIrzVfe8wlpKetki9Ev1Rw2"} 
[2025-08-04 21:59:00] local.INFO: FavoritesService::getUserFavorites result {"employee_id":"2Sp8RbIrzVfe8wlpKetki9Ev1Rw2","count":7,"favorites":[18,16,15,14,13,11,10]} 
[2025-08-04 21:59:00] local.INFO: Favorites WEB index result {"has_employee":"yes","favorites_count":7,"stats":{"total_favorites":7,"available_favorites":7,"total_cost":5250,"affordable_favorites":0,"can_afford_all":false}} 
[2025-08-04 21:59:00] local.INFO: FavoritesService::getUserFavorites called {"employee_id":"2Sp8RbIrzVfe8wlpKetki9Ev1Rw2"} 
[2025-08-04 21:59:00] local.INFO: FavoritesService::getUserFavorites result {"employee_id":"2Sp8RbIrzVfe8wlpKetki9Ev1Rw2","count":7,"favorites":[18,16,15,14,13,11,10]} 
[2025-08-04 21:59:17] local.INFO: Favorites WEB index called {"has_employee":"yes","employee_id":"2Sp8RbIrzVfe8wlpKetki9Ev1Rw2","has_auth_header":true,"user_agent":"Mozilla/5.0 (Windows NT 10.0; Win64; x64) AppleWebKit/537.36 (KHTML, like Gecko) Chrome/138.0.0.0 Safari/537.36"} 
[2025-08-04 21:59:17] local.INFO: FavoritesService::getUserFavorites called {"employee_id":"2Sp8RbIrzVfe8wlpKetki9Ev1Rw2"} 
[2025-08-04 21:59:17] local.INFO: FavoritesService::getUserFavorites result {"employee_id":"2Sp8RbIrzVfe8wlpKetki9Ev1Rw2","count":7,"favorites":[18,16,15,14,13,11,10]} 
[2025-08-04 21:59:17] local.INFO: Favorites WEB index result {"has_employee":"yes","favorites_count":7,"stats":{"total_favorites":7,"available_favorites":7,"total_cost":5250,"affordable_favorites":0,"can_afford_all":false}} 
[2025-08-04 21:59:17] local.INFO: FavoritesService::getUserFavorites called {"employee_id":"2Sp8RbIrzVfe8wlpKetki9Ev1Rw2"} 
[2025-08-04 21:59:17] local.INFO: FavoritesService::getUserFavorites result {"employee_id":"2Sp8RbIrzVfe8wlpKetki9Ev1Rw2","count":7,"favorites":[18,16,15,14,13,11,10]} 
[2025-08-05 13:24:53] local.INFO: Expired Firebase token {"user_agent":"Mozilla/5.0 (Windows NT 10.0; Win64; x64; rv:141.0) Gecko/20100101 Firefox/141.0","ip":"127.0.0.1"} 
[2025-08-05 13:31:23] local.INFO: Auto-registering new Firebase user {"firebase_uid":"h1kVtXbsXYgbnEiTyZUKldw0Onu1","email":"hernan.funes95@gmail.com","name":"Hernán Funes"} 
[2025-08-05 13:31:41] local.INFO: Favorites WEB index called {"has_employee":"yes","employee_id":"h1kVtXbsXYgbnEiTyZUKldw0Onu1","has_auth_header":true,"user_agent":"Mozilla/5.0 (Windows NT 10.0; Win64; x64; rv:141.0) Gecko/20100101 Firefox/141.0"} 
[2025-08-05 13:31:41] local.INFO: FavoritesService::getUserFavorites called {"employee_id":"h1kVtXbsXYgbnEiTyZUKldw0Onu1"} 
[2025-08-05 13:31:41] local.INFO: FavoritesService::getUserFavorites result {"employee_id":"h1kVtXbsXYgbnEiTyZUKldw0Onu1","count":0,"favorites":[]} 
[2025-08-05 13:31:41] local.INFO: Favorites WEB index result {"has_employee":"yes","favorites_count":0,"stats":{"total_favorites":0,"available_favorites":0,"total_cost":0,"affordable_favorites":0,"can_afford_all":true}} 
[2025-08-05 13:31:41] local.INFO: FavoritesService::getUserFavorites called {"employee_id":"h1kVtXbsXYgbnEiTyZUKldw0Onu1"} 
[2025-08-05 13:31:41] local.INFO: FavoritesService::getUserFavorites result {"employee_id":"h1kVtXbsXYgbnEiTyZUKldw0Onu1","count":0,"favorites":[]} 
[2025-08-05 13:31:49] local.INFO: Favorites API toggle called {"product_id":5,"employee_id":"h1kVtXbsXYgbnEiTyZUKldw0Onu1","employee_exists":"yes"} 
[2025-08-05 13:31:49] local.INFO: Favorite::toggle called {"employee_id":"h1kVtXbsXYgbnEiTyZUKldw0Onu1","product_id":5} 
[2025-08-05 13:31:49] local.INFO: Favorite::toggle - existing favorite found {"employee_id":"h1kVtXbsXYgbnEiTyZUKldw0Onu1","product_id":5,"existing_favorite":"none"} 
[2025-08-05 13:31:49] local.INFO: Favorite::toggle - created favorite {"employee_id":"h1kVtXbsXYgbnEiTyZUKldw0Onu1","product_id":5,"created_favorite_id":19} 
[2025-08-05 13:31:49] local.INFO: Favorite toggled {"employee_id":"h1kVtXbsXYgbnEiTyZUKldw0Onu1","product_id":5,"action":"added"} 
[2025-08-05 13:31:49] local.INFO: Favorites API toggle result {"employee_id":"h1kVtXbsXYgbnEiTyZUKldw0Onu1","product_id":5,"added":true,"result":{"added":true,"favorite":{"App\\Models\\Favorite":{"empleado_id":"h1kVtXbsXYgbnEiTyZUKldw0Onu1","producto_id":5,"fecha_agregado":"2025-08-05T13:31:49.000000Z","updated_at":"2025-08-05T13:31:49.000000Z","created_at":"2025-08-05T13:31:49.000000Z","id":19}}}} 
[2025-08-05 13:31:54] local.INFO: Favorites WEB index called {"has_employee":"yes","employee_id":"h1kVtXbsXYgbnEiTyZUKldw0Onu1","has_auth_header":true,"user_agent":"Mozilla/5.0 (Windows NT 10.0; Win64; x64; rv:141.0) Gecko/20100101 Firefox/141.0"} 
[2025-08-05 13:31:54] local.INFO: FavoritesService::getUserFavorites called {"employee_id":"h1kVtXbsXYgbnEiTyZUKldw0Onu1"} 
[2025-08-05 13:31:54] local.INFO: FavoritesService::getUserFavorites result {"employee_id":"h1kVtXbsXYgbnEiTyZUKldw0Onu1","count":1,"favorites":[19]} 
[2025-08-05 13:31:54] local.INFO: Favorites WEB index result {"has_employee":"yes","favorites_count":1,"stats":{"total_favorites":1,"available_favorites":1,"total_cost":250,"affordable_favorites":0,"can_afford_all":false}} 
[2025-08-05 13:31:54] local.INFO: FavoritesService::getUserFavorites called {"employee_id":"h1kVtXbsXYgbnEiTyZUKldw0Onu1"} 
[2025-08-05 13:31:54] local.INFO: FavoritesService::getUserFavorites result {"employee_id":"h1kVtXbsXYgbnEiTyZUKldw0Onu1","count":1,"favorites":[19]} 
[2025-08-05 13:33:25] local.INFO: Favorites WEB index called {"has_employee":"yes","employee_id":"h1kVtXbsXYgbnEiTyZUKldw0Onu1","has_auth_header":true,"user_agent":"Mozilla/5.0 (Windows NT 10.0; Win64; x64; rv:141.0) Gecko/20100101 Firefox/141.0"} 
[2025-08-05 13:33:25] local.INFO: FavoritesService::getUserFavorites called {"employee_id":"h1kVtXbsXYgbnEiTyZUKldw0Onu1"} 
[2025-08-05 13:33:25] local.INFO: FavoritesService::getUserFavorites result {"employee_id":"h1kVtXbsXYgbnEiTyZUKldw0Onu1","count":1,"favorites":[19]} 
[2025-08-05 13:33:25] local.INFO: Favorites WEB index result {"has_employee":"yes","favorites_count":1,"stats":{"total_favorites":1,"available_favorites":1,"total_cost":250,"affordable_favorites":0,"can_afford_all":false}} 
[2025-08-05 13:33:25] local.INFO: FavoritesService::getUserFavorites called {"employee_id":"h1kVtXbsXYgbnEiTyZUKldw0Onu1"} 
[2025-08-05 13:33:25] local.INFO: FavoritesService::getUserFavorites result {"employee_id":"h1kVtXbsXYgbnEiTyZUKldw0Onu1","count":1,"favorites":[19]} 
[2025-08-05 13:35:55] local.INFO: Favorites WEB index called {"has_employee":"yes","employee_id":"2Sp8RbIrzVfe8wlpKetki9Ev1Rw2","has_auth_header":true,"user_agent":"Mozilla/5.0 (Windows NT 10.0; Win64; x64; rv:141.0) Gecko/20100101 Firefox/141.0"} 
[2025-08-05 13:35:55] local.INFO: FavoritesService::getUserFavorites called {"employee_id":"2Sp8RbIrzVfe8wlpKetki9Ev1Rw2"} 
[2025-08-05 13:35:55] local.INFO: FavoritesService::getUserFavorites result {"employee_id":"2Sp8RbIrzVfe8wlpKetki9Ev1Rw2","count":7,"favorites":[18,16,15,14,13,11,10]} 
[2025-08-05 13:35:55] local.INFO: Favorites WEB index result {"has_employee":"yes","favorites_count":7,"stats":{"total_favorites":7,"available_favorites":7,"total_cost":5250,"affordable_favorites":0,"can_afford_all":false}} 
[2025-08-05 13:35:55] local.INFO: FavoritesService::getUserFavorites called {"employee_id":"2Sp8RbIrzVfe8wlpKetki9Ev1Rw2"} 
[2025-08-05 13:35:55] local.INFO: FavoritesService::getUserFavorites result {"employee_id":"2Sp8RbIrzVfe8wlpKetki9Ev1Rw2","count":7,"favorites":[18,16,15,14,13,11,10]} 
[2025-08-05 13:57:32] local.INFO: Favorites WEB index called {"has_employee":"yes","employee_id":"h1kVtXbsXYgbnEiTyZUKldw0Onu1","has_auth_header":true,"user_agent":"Mozilla/5.0 (Windows NT 10.0; Win64; x64; rv:141.0) Gecko/20100101 Firefox/141.0"} 
[2025-08-05 13:57:32] local.INFO: FavoritesService::getUserFavorites called {"employee_id":"h1kVtXbsXYgbnEiTyZUKldw0Onu1"} 
[2025-08-05 13:57:32] local.INFO: FavoritesService::getUserFavorites result {"employee_id":"h1kVtXbsXYgbnEiTyZUKldw0Onu1","count":1,"favorites":[19]} 
[2025-08-05 13:57:32] local.INFO: Favorites WEB index result {"has_employee":"yes","favorites_count":1,"stats":{"total_favorites":1,"available_favorites":1,"total_cost":250,"affordable_favorites":0,"can_afford_all":false}} 
[2025-08-05 13:57:32] local.INFO: FavoritesService::getUserFavorites called {"employee_id":"h1kVtXbsXYgbnEiTyZUKldw0Onu1"} 
[2025-08-05 13:57:32] local.INFO: FavoritesService::getUserFavorites result {"employee_id":"h1kVtXbsXYgbnEiTyZUKldw0Onu1","count":1,"favorites":[19]} 
[2025-08-05 13:58:32] local.INFO: Favorites WEB index called {"has_employee":"yes","employee_id":"h1kVtXbsXYgbnEiTyZUKldw0Onu1","has_auth_header":true,"user_agent":"Mozilla/5.0 (Windows NT 10.0; Win64; x64; rv:141.0) Gecko/20100101 Firefox/141.0"} 
[2025-08-05 13:58:32] local.INFO: FavoritesService::getUserFavorites called {"employee_id":"h1kVtXbsXYgbnEiTyZUKldw0Onu1"} 
[2025-08-05 13:58:32] local.INFO: FavoritesService::getUserFavorites result {"employee_id":"h1kVtXbsXYgbnEiTyZUKldw0Onu1","count":1,"favorites":[19]} 
[2025-08-05 13:58:32] local.INFO: Favorites WEB index result {"has_employee":"yes","favorites_count":1,"stats":{"total_favorites":1,"available_favorites":1,"total_cost":250,"affordable_favorites":0,"can_afford_all":false}} 
[2025-08-05 13:58:32] local.INFO: FavoritesService::getUserFavorites called {"employee_id":"h1kVtXbsXYgbnEiTyZUKldw0Onu1"} 
[2025-08-05 13:58:32] local.INFO: FavoritesService::getUserFavorites result {"employee_id":"h1kVtXbsXYgbnEiTyZUKldw0Onu1","count":1,"favorites":[19]} 
[2025-08-05 13:59:58] local.INFO: Favorites WEB index called {"has_employee":"yes","employee_id":"h1kVtXbsXYgbnEiTyZUKldw0Onu1","has_auth_header":true,"user_agent":"Mozilla/5.0 (Windows NT 10.0; Win64; x64; rv:141.0) Gecko/20100101 Firefox/141.0"} 
[2025-08-05 13:59:58] local.INFO: FavoritesService::getUserFavorites called {"employee_id":"h1kVtXbsXYgbnEiTyZUKldw0Onu1"} 
[2025-08-05 13:59:58] local.INFO: FavoritesService::getUserFavorites result {"employee_id":"h1kVtXbsXYgbnEiTyZUKldw0Onu1","count":1,"favorites":[19]} 
[2025-08-05 13:59:58] local.INFO: Favorites WEB index result {"has_employee":"yes","favorites_count":1,"stats":{"total_favorites":1,"available_favorites":1,"total_cost":250,"affordable_favorites":0,"can_afford_all":false}} 
[2025-08-05 13:59:58] local.INFO: FavoritesService::getUserFavorites called {"employee_id":"h1kVtXbsXYgbnEiTyZUKldw0Onu1"} 
[2025-08-05 13:59:58] local.INFO: FavoritesService::getUserFavorites result {"employee_id":"h1kVtXbsXYgbnEiTyZUKldw0Onu1","count":1,"favorites":[19]} 
[2025-08-05 14:01:33] local.INFO: Favorites WEB index called {"has_employee":"yes","employee_id":"h1kVtXbsXYgbnEiTyZUKldw0Onu1","has_auth_header":true,"user_agent":"Mozilla/5.0 (Windows NT 10.0; Win64; x64; rv:141.0) Gecko/20100101 Firefox/141.0"} 
[2025-08-05 14:01:33] local.INFO: FavoritesService::getUserFavorites called {"employee_id":"h1kVtXbsXYgbnEiTyZUKldw0Onu1"} 
[2025-08-05 14:01:33] local.INFO: FavoritesService::getUserFavorites result {"employee_id":"h1kVtXbsXYgbnEiTyZUKldw0Onu1","count":1,"favorites":[19]} 
[2025-08-05 14:01:33] local.INFO: Favorites WEB index result {"has_employee":"yes","favorites_count":1,"stats":{"total_favorites":1,"available_favorites":1,"total_cost":250,"affordable_favorites":0,"can_afford_all":false}} 
[2025-08-05 14:01:33] local.INFO: FavoritesService::getUserFavorites called {"employee_id":"h1kVtXbsXYgbnEiTyZUKldw0Onu1"} 
[2025-08-05 14:01:33] local.INFO: FavoritesService::getUserFavorites result {"employee_id":"h1kVtXbsXYgbnEiTyZUKldw0Onu1","count":1,"favorites":[19]} 
[2025-08-05 15:43:28] local.INFO: Favorites WEB index called {"has_employee":"yes","employee_id":"h1kVtXbsXYgbnEiTyZUKldw0Onu1","has_auth_header":true,"user_agent":"Mozilla/5.0 (Windows NT 10.0; Win64; x64; rv:141.0) Gecko/20100101 Firefox/141.0"} 
[2025-08-05 15:43:28] local.INFO: FavoritesService::getUserFavorites called {"employee_id":"h1kVtXbsXYgbnEiTyZUKldw0Onu1"} 
[2025-08-05 15:43:28] local.INFO: FavoritesService::getUserFavorites result {"employee_id":"h1kVtXbsXYgbnEiTyZUKldw0Onu1","count":1,"favorites":[19]} 
[2025-08-05 15:43:28] local.INFO: Favorites WEB index result {"has_employee":"yes","favorites_count":1,"stats":{"total_favorites":1,"available_favorites":1,"total_cost":250,"affordable_favorites":0,"can_afford_all":false}} 
[2025-08-05 15:43:28] local.INFO: FavoritesService::getUserFavorites called {"employee_id":"h1kVtXbsXYgbnEiTyZUKldw0Onu1"} 
[2025-08-05 15:43:28] local.INFO: FavoritesService::getUserFavorites result {"employee_id":"h1kVtXbsXYgbnEiTyZUKldw0Onu1","count":1,"favorites":[19]} 
[2025-08-05 15:44:21] local.INFO: Favorites WEB index called {"has_employee":"yes","employee_id":"h1kVtXbsXYgbnEiTyZUKldw0Onu1","has_auth_header":true,"user_agent":"Mozilla/5.0 (Windows NT 10.0; Win64; x64; rv:141.0) Gecko/20100101 Firefox/141.0"} 
[2025-08-05 15:44:21] local.INFO: FavoritesService::getUserFavorites called {"employee_id":"h1kVtXbsXYgbnEiTyZUKldw0Onu1"} 
[2025-08-05 15:44:21] local.INFO: FavoritesService::getUserFavorites result {"employee_id":"h1kVtXbsXYgbnEiTyZUKldw0Onu1","count":1,"favorites":[19]} 
[2025-08-05 15:44:21] local.INFO: Favorites WEB index result {"has_employee":"yes","favorites_count":1,"stats":{"total_favorites":1,"available_favorites":1,"total_cost":250,"affordable_favorites":0,"can_afford_all":false}} 
[2025-08-05 15:44:21] local.INFO: FavoritesService::getUserFavorites called {"employee_id":"h1kVtXbsXYgbnEiTyZUKldw0Onu1"} 
[2025-08-05 15:44:21] local.INFO: FavoritesService::getUserFavorites result {"employee_id":"h1kVtXbsXYgbnEiTyZUKldw0Onu1","count":1,"favorites":[19]} 
[2025-08-05 15:44:22] local.INFO: Favorites WEB index called {"has_employee":"yes","employee_id":"h1kVtXbsXYgbnEiTyZUKldw0Onu1","has_auth_header":true,"user_agent":"Mozilla/5.0 (Windows NT 10.0; Win64; x64; rv:141.0) Gecko/20100101 Firefox/141.0"} 
[2025-08-05 15:44:22] local.INFO: FavoritesService::getUserFavorites called {"employee_id":"h1kVtXbsXYgbnEiTyZUKldw0Onu1"} 
[2025-08-05 15:44:22] local.INFO: FavoritesService::getUserFavorites result {"employee_id":"h1kVtXbsXYgbnEiTyZUKldw0Onu1","count":1,"favorites":[19]} 
[2025-08-05 15:44:22] local.INFO: Favorites WEB index result {"has_employee":"yes","favorites_count":1,"stats":{"total_favorites":1,"available_favorites":1,"total_cost":250,"affordable_favorites":0,"can_afford_all":false}} 
[2025-08-05 15:44:22] local.INFO: FavoritesService::getUserFavorites called {"employee_id":"h1kVtXbsXYgbnEiTyZUKldw0Onu1"} 
[2025-08-05 15:44:22] local.INFO: FavoritesService::getUserFavorites result {"employee_id":"h1kVtXbsXYgbnEiTyZUKldw0Onu1","count":1,"favorites":[19]} 
[2025-08-05 15:44:28] local.INFO: FavoritesService::getUserFavorites called {"employee_id":"h1kVtXbsXYgbnEiTyZUKldw0Onu1"} 
[2025-08-05 15:44:28] local.INFO: FavoritesService::getUserFavorites result {"employee_id":"h1kVtXbsXYgbnEiTyZUKldw0Onu1","count":0,"favorites":[]} 
[2025-08-05 15:44:34] local.INFO: Favorites API toggle called {"product_id":5,"employee_id":"h1kVtXbsXYgbnEiTyZUKldw0Onu1","employee_exists":"yes"} 
[2025-08-05 15:44:34] local.INFO: Favorite::toggle called {"employee_id":"h1kVtXbsXYgbnEiTyZUKldw0Onu1","product_id":5} 
[2025-08-05 15:44:34] local.INFO: Favorite::toggle - existing favorite found {"employee_id":"h1kVtXbsXYgbnEiTyZUKldw0Onu1","product_id":5,"existing_favorite":"none"} 
[2025-08-05 15:44:34] local.INFO: Favorite::toggle - created favorite {"employee_id":"h1kVtXbsXYgbnEiTyZUKldw0Onu1","product_id":5,"created_favorite_id":20} 
[2025-08-05 15:44:34] local.INFO: Favorite toggled {"employee_id":"h1kVtXbsXYgbnEiTyZUKldw0Onu1","product_id":5,"action":"added"} 
[2025-08-05 15:44:34] local.INFO: Favorites API toggle result {"employee_id":"h1kVtXbsXYgbnEiTyZUKldw0Onu1","product_id":5,"added":true,"result":{"added":true,"favorite":{"App\\Models\\Favorite":{"empleado_id":"h1kVtXbsXYgbnEiTyZUKldw0Onu1","producto_id":5,"fecha_agregado":"2025-08-05T15:44:34.000000Z","updated_at":"2025-08-05T15:44:34.000000Z","created_at":"2025-08-05T15:44:34.000000Z","id":20}}}} 
[2025-08-05 15:44:36] local.INFO: Favorites WEB index called {"has_employee":"yes","employee_id":"h1kVtXbsXYgbnEiTyZUKldw0Onu1","has_auth_header":true,"user_agent":"Mozilla/5.0 (Windows NT 10.0; Win64; x64; rv:141.0) Gecko/20100101 Firefox/141.0"} 
[2025-08-05 15:44:36] local.INFO: FavoritesService::getUserFavorites called {"employee_id":"h1kVtXbsXYgbnEiTyZUKldw0Onu1"} 
[2025-08-05 15:44:36] local.INFO: FavoritesService::getUserFavorites result {"employee_id":"h1kVtXbsXYgbnEiTyZUKldw0Onu1","count":1,"favorites":[20]} 
[2025-08-05 15:44:36] local.INFO: Favorites WEB index result {"has_employee":"yes","favorites_count":1,"stats":{"total_favorites":1,"available_favorites":1,"total_cost":250,"affordable_favorites":0,"can_afford_all":false}} 
[2025-08-05 15:44:36] local.INFO: FavoritesService::getUserFavorites called {"employee_id":"h1kVtXbsXYgbnEiTyZUKldw0Onu1"} 
[2025-08-05 15:44:36] local.INFO: FavoritesService::getUserFavorites result {"employee_id":"h1kVtXbsXYgbnEiTyZUKldw0Onu1","count":1,"favorites":[20]} 
[2025-08-05 16:00:30] local.INFO: Expired Firebase token {"user_agent":"Mozilla/5.0 (Windows NT 10.0; Win64; x64; rv:141.0) Gecko/20100101 Firefox/141.0","ip":"127.0.0.1"} 
[2025-08-05 16:00:46] local.INFO: Favorites WEB index called {"has_employee":"yes","employee_id":"h1kVtXbsXYgbnEiTyZUKldw0Onu1","has_auth_header":true,"user_agent":"Mozilla/5.0 (Windows NT 10.0; Win64; x64; rv:141.0) Gecko/20100101 Firefox/141.0"} 
[2025-08-05 16:00:46] local.INFO: FavoritesService::getUserFavorites called {"employee_id":"h1kVtXbsXYgbnEiTyZUKldw0Onu1"} 
[2025-08-05 16:00:46] local.INFO: FavoritesService::getUserFavorites result {"employee_id":"h1kVtXbsXYgbnEiTyZUKldw0Onu1","count":1,"favorites":[20]} 
[2025-08-05 16:00:46] local.INFO: Favorites WEB index result {"has_employee":"yes","favorites_count":1,"stats":{"total_favorites":1,"available_favorites":1,"total_cost":250,"affordable_favorites":0,"can_afford_all":false}} 
[2025-08-05 16:00:46] local.INFO: FavoritesService::getUserFavorites called {"employee_id":"h1kVtXbsXYgbnEiTyZUKldw0Onu1"} 
[2025-08-05 16:00:46] local.INFO: FavoritesService::getUserFavorites result {"employee_id":"h1kVtXbsXYgbnEiTyZUKldw0Onu1","count":1,"favorites":[20]} 
[2025-08-05 16:00:51] local.INFO: Favorites WEB index called {"has_employee":"yes","employee_id":"h1kVtXbsXYgbnEiTyZUKldw0Onu1","has_auth_header":true,"user_agent":"Mozilla/5.0 (Windows NT 10.0; Win64; x64; rv:141.0) Gecko/20100101 Firefox/141.0"} 
[2025-08-05 16:00:51] local.INFO: FavoritesService::getUserFavorites called {"employee_id":"h1kVtXbsXYgbnEiTyZUKldw0Onu1"} 
[2025-08-05 16:00:51] local.INFO: FavoritesService::getUserFavorites result {"employee_id":"h1kVtXbsXYgbnEiTyZUKldw0Onu1","count":1,"favorites":[20]} 
[2025-08-05 16:00:51] local.INFO: Favorites WEB index result {"has_employee":"yes","favorites_count":1,"stats":{"total_favorites":1,"available_favorites":1,"total_cost":250,"affordable_favorites":0,"can_afford_all":false}} 
[2025-08-05 16:00:51] local.INFO: FavoritesService::getUserFavorites called {"employee_id":"h1kVtXbsXYgbnEiTyZUKldw0Onu1"} 
[2025-08-05 16:00:51] local.INFO: FavoritesService::getUserFavorites result {"employee_id":"h1kVtXbsXYgbnEiTyZUKldw0Onu1","count":1,"favorites":[20]} 
[2025-08-05 16:00:59] local.INFO: Favorites API toggle called {"product_id":3,"employee_id":"h1kVtXbsXYgbnEiTyZUKldw0Onu1","employee_exists":"yes"} 
[2025-08-05 16:00:59] local.INFO: Favorite::toggle called {"employee_id":"h1kVtXbsXYgbnEiTyZUKldw0Onu1","product_id":3} 
[2025-08-05 16:00:59] local.INFO: Favorite::toggle - existing favorite found {"employee_id":"h1kVtXbsXYgbnEiTyZUKldw0Onu1","product_id":3,"existing_favorite":"none"} 
[2025-08-05 16:00:59] local.INFO: Favorite::toggle - created favorite {"employee_id":"h1kVtXbsXYgbnEiTyZUKldw0Onu1","product_id":3,"created_favorite_id":21} 
[2025-08-05 16:00:59] local.INFO: Favorite toggled {"employee_id":"h1kVtXbsXYgbnEiTyZUKldw0Onu1","product_id":3,"action":"added"} 
[2025-08-05 16:00:59] local.INFO: Favorites API toggle result {"employee_id":"h1kVtXbsXYgbnEiTyZUKldw0Onu1","product_id":3,"added":true,"result":{"added":true,"favorite":{"App\\Models\\Favorite":{"empleado_id":"h1kVtXbsXYgbnEiTyZUKldw0Onu1","producto_id":3,"fecha_agregado":"2025-08-05T16:00:59.000000Z","updated_at":"2025-08-05T16:00:59.000000Z","created_at":"2025-08-05T16:00:59.000000Z","id":21}}}} 
[2025-08-05 16:01:03] local.INFO: Favorites WEB index called {"has_employee":"yes","employee_id":"h1kVtXbsXYgbnEiTyZUKldw0Onu1","has_auth_header":true,"user_agent":"Mozilla/5.0 (Windows NT 10.0; Win64; x64; rv:141.0) Gecko/20100101 Firefox/141.0"} 
[2025-08-05 16:01:03] local.INFO: FavoritesService::getUserFavorites called {"employee_id":"h1kVtXbsXYgbnEiTyZUKldw0Onu1"} 
[2025-08-05 16:01:03] local.INFO: FavoritesService::getUserFavorites result {"employee_id":"h1kVtXbsXYgbnEiTyZUKldw0Onu1","count":2,"favorites":[21,20]} 
[2025-08-05 16:01:03] local.INFO: Favorites WEB index result {"has_employee":"yes","favorites_count":2,"stats":{"total_favorites":2,"available_favorites":2,"total_cost":550,"affordable_favorites":0,"can_afford_all":false}} 
[2025-08-05 16:01:03] local.INFO: FavoritesService::getUserFavorites called {"employee_id":"h1kVtXbsXYgbnEiTyZUKldw0Onu1"} 
[2025-08-05 16:01:03] local.INFO: FavoritesService::getUserFavorites result {"employee_id":"h1kVtXbsXYgbnEiTyZUKldw0Onu1","count":2,"favorites":[21,20]} 
[2025-08-05 16:10:13] local.INFO: Favorites WEB index called {"has_employee":"yes","employee_id":"h1kVtXbsXYgbnEiTyZUKldw0Onu1","has_auth_header":true,"user_agent":"Mozilla/5.0 (Windows NT 10.0; Win64; x64; rv:141.0) Gecko/20100101 Firefox/141.0"} 
[2025-08-05 16:10:13] local.INFO: FavoritesService::getUserFavorites called {"employee_id":"h1kVtXbsXYgbnEiTyZUKldw0Onu1"} 
[2025-08-05 16:10:13] local.INFO: FavoritesService::getUserFavorites result {"employee_id":"h1kVtXbsXYgbnEiTyZUKldw0Onu1","count":2,"favorites":[21,20]} 
[2025-08-05 16:10:13] local.INFO: Favorites WEB index result {"has_employee":"yes","favorites_count":2,"stats":{"total_favorites":2,"available_favorites":2,"total_cost":550,"affordable_favorites":0,"can_afford_all":false}} 
[2025-08-05 16:10:13] local.INFO: FavoritesService::getUserFavorites called {"employee_id":"h1kVtXbsXYgbnEiTyZUKldw0Onu1"} 
[2025-08-05 16:10:13] local.INFO: FavoritesService::getUserFavorites result {"employee_id":"h1kVtXbsXYgbnEiTyZUKldw0Onu1","count":2,"favorites":[21,20]} 
[2025-08-05 16:10:36] local.INFO: Favorites API toggle called {"product_id":3,"employee_id":"h1kVtXbsXYgbnEiTyZUKldw0Onu1","employee_exists":"yes"} 
[2025-08-05 16:10:36] local.INFO: Favorite::toggle called {"employee_id":"h1kVtXbsXYgbnEiTyZUKldw0Onu1","product_id":3} 
[2025-08-05 16:10:36] local.INFO: Favorite::toggle - existing favorite found {"employee_id":"h1kVtXbsXYgbnEiTyZUKldw0Onu1","product_id":3,"existing_favorite":21} 
[2025-08-05 16:10:36] local.INFO: Favorite::toggle - removed favorite {"employee_id":"h1kVtXbsXYgbnEiTyZUKldw0Onu1","product_id":3,"deleted_favorite_id":21} 
[2025-08-05 16:10:36] local.INFO: Favorite toggled {"employee_id":"h1kVtXbsXYgbnEiTyZUKldw0Onu1","product_id":3,"action":"removed"} 
[2025-08-05 16:10:36] local.INFO: Favorites API toggle result {"employee_id":"h1kVtXbsXYgbnEiTyZUKldw0Onu1","product_id":3,"added":false,"result":{"added":false,"favorite":null}} 
[2025-08-05 16:10:49] local.INFO: Favorites API toggle called {"product_id":3,"employee_id":"h1kVtXbsXYgbnEiTyZUKldw0Onu1","employee_exists":"yes"} 
[2025-08-05 16:10:49] local.INFO: Favorite::toggle called {"employee_id":"h1kVtXbsXYgbnEiTyZUKldw0Onu1","product_id":3} 
[2025-08-05 16:10:49] local.INFO: Favorite::toggle - existing favorite found {"employee_id":"h1kVtXbsXYgbnEiTyZUKldw0Onu1","product_id":3,"existing_favorite":"none"} 
[2025-08-05 16:10:49] local.INFO: Favorite::toggle - created favorite {"employee_id":"h1kVtXbsXYgbnEiTyZUKldw0Onu1","product_id":3,"created_favorite_id":22} 
[2025-08-05 16:10:49] local.INFO: Favorite toggled {"employee_id":"h1kVtXbsXYgbnEiTyZUKldw0Onu1","product_id":3,"action":"added"} 
[2025-08-05 16:10:49] local.INFO: Favorites API toggle result {"employee_id":"h1kVtXbsXYgbnEiTyZUKldw0Onu1","product_id":3,"added":true,"result":{"added":true,"favorite":{"App\\Models\\Favorite":{"empleado_id":"h1kVtXbsXYgbnEiTyZUKldw0Onu1","producto_id":3,"fecha_agregado":"2025-08-05T16:10:49.000000Z","updated_at":"2025-08-05T16:10:49.000000Z","created_at":"2025-08-05T16:10:49.000000Z","id":22}}}} 
[2025-08-05 16:11:05] local.INFO: Favorites WEB index called {"has_employee":"yes","employee_id":"h1kVtXbsXYgbnEiTyZUKldw0Onu1","has_auth_header":true,"user_agent":"Mozilla/5.0 (Windows NT 10.0; Win64; x64; rv:141.0) Gecko/20100101 Firefox/141.0"} 
[2025-08-05 16:11:05] local.INFO: FavoritesService::getUserFavorites called {"employee_id":"h1kVtXbsXYgbnEiTyZUKldw0Onu1"} 
[2025-08-05 16:11:05] local.INFO: FavoritesService::getUserFavorites result {"employee_id":"h1kVtXbsXYgbnEiTyZUKldw0Onu1","count":2,"favorites":[22,20]} 
[2025-08-05 16:11:05] local.INFO: Favorites WEB index result {"has_employee":"yes","favorites_count":2,"stats":{"total_favorites":2,"available_favorites":2,"total_cost":550,"affordable_favorites":0,"can_afford_all":false}} 
[2025-08-05 16:11:05] local.INFO: FavoritesService::getUserFavorites called {"employee_id":"h1kVtXbsXYgbnEiTyZUKldw0Onu1"} 
[2025-08-05 16:11:05] local.INFO: FavoritesService::getUserFavorites result {"employee_id":"h1kVtXbsXYgbnEiTyZUKldw0Onu1","count":2,"favorites":[22,20]} 
[2025-08-05 16:11:24] local.INFO: Favorites WEB index called {"has_employee":"yes","employee_id":"h1kVtXbsXYgbnEiTyZUKldw0Onu1","has_auth_header":true,"user_agent":"Mozilla/5.0 (Windows NT 10.0; Win64; x64; rv:141.0) Gecko/20100101 Firefox/141.0"} 
[2025-08-05 16:11:24] local.INFO: FavoritesService::getUserFavorites called {"employee_id":"h1kVtXbsXYgbnEiTyZUKldw0Onu1"} 
[2025-08-05 16:11:24] local.INFO: FavoritesService::getUserFavorites result {"employee_id":"h1kVtXbsXYgbnEiTyZUKldw0Onu1","count":2,"favorites":[22,20]} 
[2025-08-05 16:11:24] local.INFO: Favorites WEB index result {"has_employee":"yes","favorites_count":2,"stats":{"total_favorites":2,"available_favorites":2,"total_cost":550,"affordable_favorites":0,"can_afford_all":false}} 
[2025-08-05 16:11:24] local.INFO: FavoritesService::getUserFavorites called {"employee_id":"h1kVtXbsXYgbnEiTyZUKldw0Onu1"} 
[2025-08-05 16:11:24] local.INFO: FavoritesService::getUserFavorites result {"employee_id":"h1kVtXbsXYgbnEiTyZUKldw0Onu1","count":2,"favorites":[22,20]} 
[2025-08-05 16:11:38] local.INFO: Favorites API toggle called {"product_id":5,"employee_id":"h1kVtXbsXYgbnEiTyZUKldw0Onu1","employee_exists":"yes"} 
[2025-08-05 16:11:38] local.INFO: Favorite::toggle called {"employee_id":"h1kVtXbsXYgbnEiTyZUKldw0Onu1","product_id":5} 
[2025-08-05 16:11:38] local.INFO: Favorite::toggle - existing favorite found {"employee_id":"h1kVtXbsXYgbnEiTyZUKldw0Onu1","product_id":5,"existing_favorite":20} 
[2025-08-05 16:11:38] local.INFO: Favorite::toggle - removed favorite {"employee_id":"h1kVtXbsXYgbnEiTyZUKldw0Onu1","product_id":5,"deleted_favorite_id":20} 
[2025-08-05 16:11:38] local.INFO: Favorite toggled {"employee_id":"h1kVtXbsXYgbnEiTyZUKldw0Onu1","product_id":5,"action":"removed"} 
[2025-08-05 16:11:38] local.INFO: Favorites API toggle result {"employee_id":"h1kVtXbsXYgbnEiTyZUKldw0Onu1","product_id":5,"added":false,"result":{"added":false,"favorite":null}} 
[2025-08-05 16:11:49] local.INFO: Favorites API toggle called {"product_id":3,"employee_id":"h1kVtXbsXYgbnEiTyZUKldw0Onu1","employee_exists":"yes"} 
[2025-08-05 16:11:49] local.INFO: Favorite::toggle called {"employee_id":"h1kVtXbsXYgbnEiTyZUKldw0Onu1","product_id":3} 
[2025-08-05 16:11:49] local.INFO: Favorite::toggle - existing favorite found {"employee_id":"h1kVtXbsXYgbnEiTyZUKldw0Onu1","product_id":3,"existing_favorite":22} 
[2025-08-05 16:11:49] local.INFO: Favorite::toggle - removed favorite {"employee_id":"h1kVtXbsXYgbnEiTyZUKldw0Onu1","product_id":3,"deleted_favorite_id":22} 
[2025-08-05 16:11:49] local.INFO: Favorite toggled {"employee_id":"h1kVtXbsXYgbnEiTyZUKldw0Onu1","product_id":3,"action":"removed"} 
[2025-08-05 16:11:49] local.INFO: Favorites API toggle result {"employee_id":"h1kVtXbsXYgbnEiTyZUKldw0Onu1","product_id":3,"added":false,"result":{"added":false,"favorite":null}} 
[2025-08-05 16:11:57] local.INFO: Favorites API toggle called {"product_id":3,"employee_id":"h1kVtXbsXYgbnEiTyZUKldw0Onu1","employee_exists":"yes"} 
[2025-08-05 16:11:57] local.INFO: Favorite::toggle called {"employee_id":"h1kVtXbsXYgbnEiTyZUKldw0Onu1","product_id":3} 
[2025-08-05 16:11:57] local.INFO: Favorite::toggle - existing favorite found {"employee_id":"h1kVtXbsXYgbnEiTyZUKldw0Onu1","product_id":3,"existing_favorite":"none"} 
[2025-08-05 16:11:57] local.INFO: Favorite::toggle - created favorite {"employee_id":"h1kVtXbsXYgbnEiTyZUKldw0Onu1","product_id":3,"created_favorite_id":23} 
[2025-08-05 16:11:57] local.INFO: Favorite toggled {"employee_id":"h1kVtXbsXYgbnEiTyZUKldw0Onu1","product_id":3,"action":"added"} 
[2025-08-05 16:11:57] local.INFO: Favorites API toggle result {"employee_id":"h1kVtXbsXYgbnEiTyZUKldw0Onu1","product_id":3,"added":true,"result":{"added":true,"favorite":{"App\\Models\\Favorite":{"empleado_id":"h1kVtXbsXYgbnEiTyZUKldw0Onu1","producto_id":3,"fecha_agregado":"2025-08-05T16:11:57.000000Z","updated_at":"2025-08-05T16:11:57.000000Z","created_at":"2025-08-05T16:11:57.000000Z","id":23}}}} 
[2025-08-05 16:12:00] local.INFO: Favorites WEB index called {"has_employee":"yes","employee_id":"h1kVtXbsXYgbnEiTyZUKldw0Onu1","has_auth_header":true,"user_agent":"Mozilla/5.0 (Windows NT 10.0; Win64; x64; rv:141.0) Gecko/20100101 Firefox/141.0"} 
[2025-08-05 16:12:00] local.INFO: FavoritesService::getUserFavorites called {"employee_id":"h1kVtXbsXYgbnEiTyZUKldw0Onu1"} 
[2025-08-05 16:12:00] local.INFO: FavoritesService::getUserFavorites result {"employee_id":"h1kVtXbsXYgbnEiTyZUKldw0Onu1","count":1,"favorites":[23]} 
[2025-08-05 16:12:00] local.INFO: Favorites WEB index result {"has_employee":"yes","favorites_count":1,"stats":{"total_favorites":1,"available_favorites":1,"total_cost":300,"affordable_favorites":0,"can_afford_all":false}} 
[2025-08-05 16:12:00] local.INFO: FavoritesService::getUserFavorites called {"employee_id":"h1kVtXbsXYgbnEiTyZUKldw0Onu1"} 
[2025-08-05 16:12:00] local.INFO: FavoritesService::getUserFavorites result {"employee_id":"h1kVtXbsXYgbnEiTyZUKldw0Onu1","count":1,"favorites":[23]} 
[2025-08-05 16:12:49] local.INFO: Favorites API toggle called {"product_id":8,"employee_id":"h1kVtXbsXYgbnEiTyZUKldw0Onu1","employee_exists":"yes"} 
[2025-08-05 16:12:49] local.INFO: Favorite::toggle called {"employee_id":"h1kVtXbsXYgbnEiTyZUKldw0Onu1","product_id":8} 
[2025-08-05 16:12:49] local.INFO: Favorite::toggle - existing favorite found {"employee_id":"h1kVtXbsXYgbnEiTyZUKldw0Onu1","product_id":8,"existing_favorite":"none"} 
[2025-08-05 16:12:49] local.INFO: Favorite::toggle - created favorite {"employee_id":"h1kVtXbsXYgbnEiTyZUKldw0Onu1","product_id":8,"created_favorite_id":24} 
[2025-08-05 16:12:49] local.INFO: Favorite toggled {"employee_id":"h1kVtXbsXYgbnEiTyZUKldw0Onu1","product_id":8,"action":"added"} 
[2025-08-05 16:12:49] local.INFO: Favorites API toggle result {"employee_id":"h1kVtXbsXYgbnEiTyZUKldw0Onu1","product_id":8,"added":true,"result":{"added":true,"favorite":{"App\\Models\\Favorite":{"empleado_id":"h1kVtXbsXYgbnEiTyZUKldw0Onu1","producto_id":8,"fecha_agregado":"2025-08-05T16:12:49.000000Z","updated_at":"2025-08-05T16:12:49.000000Z","created_at":"2025-08-05T16:12:49.000000Z","id":24}}}} 
[2025-08-05 16:14:35] local.INFO: Favorites WEB index called {"has_employee":"yes","employee_id":"h1kVtXbsXYgbnEiTyZUKldw0Onu1","has_auth_header":true,"user_agent":"Mozilla/5.0 (Windows NT 10.0; Win64; x64; rv:141.0) Gecko/20100101 Firefox/141.0"} 
[2025-08-05 16:14:35] local.INFO: FavoritesService::getUserFavorites called {"employee_id":"h1kVtXbsXYgbnEiTyZUKldw0Onu1"} 
[2025-08-05 16:14:35] local.INFO: FavoritesService::getUserFavorites result {"employee_id":"h1kVtXbsXYgbnEiTyZUKldw0Onu1","count":2,"favorites":[24,23]} 
[2025-08-05 16:14:35] local.INFO: Favorites WEB index result {"has_employee":"yes","favorites_count":2,"stats":{"total_favorites":2,"available_favorites":2,"total_cost":2300,"affordable_favorites":0,"can_afford_all":false}} 
[2025-08-05 16:14:35] local.INFO: FavoritesService::getUserFavorites called {"employee_id":"h1kVtXbsXYgbnEiTyZUKldw0Onu1"} 
[2025-08-05 16:14:35] local.INFO: FavoritesService::getUserFavorites result {"employee_id":"h1kVtXbsXYgbnEiTyZUKldw0Onu1","count":2,"favorites":[24,23]} 
[2025-08-05 16:14:42] local.INFO: Favorites WEB index called {"has_employee":"yes","employee_id":"h1kVtXbsXYgbnEiTyZUKldw0Onu1","has_auth_header":true,"user_agent":"Mozilla/5.0 (Windows NT 10.0; Win64; x64; rv:141.0) Gecko/20100101 Firefox/141.0"} 
[2025-08-05 16:14:42] local.INFO: FavoritesService::getUserFavorites called {"employee_id":"h1kVtXbsXYgbnEiTyZUKldw0Onu1"} 
[2025-08-05 16:14:42] local.INFO: FavoritesService::getUserFavorites result {"employee_id":"h1kVtXbsXYgbnEiTyZUKldw0Onu1","count":2,"favorites":[24,23]} 
[2025-08-05 16:14:42] local.INFO: Favorites WEB index result {"has_employee":"yes","favorites_count":2,"stats":{"total_favorites":2,"available_favorites":2,"total_cost":2300,"affordable_favorites":0,"can_afford_all":false}} 
[2025-08-05 16:14:42] local.INFO: FavoritesService::getUserFavorites called {"employee_id":"h1kVtXbsXYgbnEiTyZUKldw0Onu1"} 
[2025-08-05 16:14:42] local.INFO: FavoritesService::getUserFavorites result {"employee_id":"h1kVtXbsXYgbnEiTyZUKldw0Onu1","count":2,"favorites":[24,23]} 
[2025-08-05 16:14:55] local.INFO: Favorites WEB index called {"has_employee":"yes","employee_id":"h1kVtXbsXYgbnEiTyZUKldw0Onu1","has_auth_header":true,"user_agent":"Mozilla/5.0 (Windows NT 10.0; Win64; x64; rv:141.0) Gecko/20100101 Firefox/141.0"} 
[2025-08-05 16:14:55] local.INFO: FavoritesService::getUserFavorites called {"employee_id":"h1kVtXbsXYgbnEiTyZUKldw0Onu1"} 
[2025-08-05 16:14:55] local.INFO: FavoritesService::getUserFavorites result {"employee_id":"h1kVtXbsXYgbnEiTyZUKldw0Onu1","count":2,"favorites":[24,23]} 
[2025-08-05 16:14:55] local.INFO: Favorites WEB index result {"has_employee":"yes","favorites_count":2,"stats":{"total_favorites":2,"available_favorites":2,"total_cost":2300,"affordable_favorites":0,"can_afford_all":false}} 
[2025-08-05 16:14:55] local.INFO: FavoritesService::getUserFavorites called {"employee_id":"h1kVtXbsXYgbnEiTyZUKldw0Onu1"} 
[2025-08-05 16:14:55] local.INFO: FavoritesService::getUserFavorites result {"employee_id":"h1kVtXbsXYgbnEiTyZUKldw0Onu1","count":2,"favorites":[24,23]} 
[2025-08-05 16:15:08] local.INFO: Favorites WEB index called {"has_employee":"yes","employee_id":"h1kVtXbsXYgbnEiTyZUKldw0Onu1","has_auth_header":true,"user_agent":"Mozilla/5.0 (Windows NT 10.0; Win64; x64; rv:141.0) Gecko/20100101 Firefox/141.0"} 
[2025-08-05 16:15:08] local.INFO: FavoritesService::getUserFavorites called {"employee_id":"h1kVtXbsXYgbnEiTyZUKldw0Onu1"} 
[2025-08-05 16:15:08] local.INFO: FavoritesService::getUserFavorites result {"employee_id":"h1kVtXbsXYgbnEiTyZUKldw0Onu1","count":2,"favorites":[24,23]} 
[2025-08-05 16:15:08] local.INFO: Favorites WEB index result {"has_employee":"yes","favorites_count":2,"stats":{"total_favorites":2,"available_favorites":2,"total_cost":2300,"affordable_favorites":0,"can_afford_all":false}} 
[2025-08-05 16:15:08] local.INFO: FavoritesService::getUserFavorites called {"employee_id":"h1kVtXbsXYgbnEiTyZUKldw0Onu1"} 
[2025-08-05 16:15:08] local.INFO: FavoritesService::getUserFavorites result {"employee_id":"h1kVtXbsXYgbnEiTyZUKldw0Onu1","count":2,"favorites":[24,23]} 
[2025-08-05 16:19:50] local.INFO: Favorites WEB index called {"has_employee":"yes","employee_id":"h1kVtXbsXYgbnEiTyZUKldw0Onu1","has_auth_header":true,"user_agent":"Mozilla/5.0 (Windows NT 10.0; Win64; x64; rv:141.0) Gecko/20100101 Firefox/141.0"} 
[2025-08-05 16:19:50] local.INFO: FavoritesService::getUserFavorites called {"employee_id":"h1kVtXbsXYgbnEiTyZUKldw0Onu1"} 
[2025-08-05 16:19:50] local.INFO: FavoritesService::getUserFavorites result {"employee_id":"h1kVtXbsXYgbnEiTyZUKldw0Onu1","count":2,"favorites":[24,23]} 
[2025-08-05 16:19:50] local.INFO: Favorites WEB index result {"has_employee":"yes","favorites_count":2,"stats":{"total_favorites":2,"available_favorites":2,"total_cost":2300,"affordable_favorites":0,"can_afford_all":false}} 
[2025-08-05 16:19:50] local.INFO: FavoritesService::getUserFavorites called {"employee_id":"h1kVtXbsXYgbnEiTyZUKldw0Onu1"} 
[2025-08-05 16:19:50] local.INFO: FavoritesService::getUserFavorites result {"employee_id":"h1kVtXbsXYgbnEiTyZUKldw0Onu1","count":2,"favorites":[24,23]} 
[2025-08-05 16:20:02] local.INFO: Favorites API toggle called {"product_id":4,"employee_id":"h1kVtXbsXYgbnEiTyZUKldw0Onu1","employee_exists":"yes"} 
[2025-08-05 16:20:02] local.INFO: Favorite::toggle called {"employee_id":"h1kVtXbsXYgbnEiTyZUKldw0Onu1","product_id":4} 
[2025-08-05 16:20:02] local.INFO: Favorite::toggle - existing favorite found {"employee_id":"h1kVtXbsXYgbnEiTyZUKldw0Onu1","product_id":4,"existing_favorite":"none"} 
[2025-08-05 16:20:02] local.INFO: Favorite::toggle - created favorite {"employee_id":"h1kVtXbsXYgbnEiTyZUKldw0Onu1","product_id":4,"created_favorite_id":25} 
[2025-08-05 16:20:02] local.INFO: Favorite toggled {"employee_id":"h1kVtXbsXYgbnEiTyZUKldw0Onu1","product_id":4,"action":"added"} 
[2025-08-05 16:20:02] local.INFO: Favorites API toggle result {"employee_id":"h1kVtXbsXYgbnEiTyZUKldw0Onu1","product_id":4,"added":true,"result":{"added":true,"favorite":{"App\\Models\\Favorite":{"empleado_id":"h1kVtXbsXYgbnEiTyZUKldw0Onu1","producto_id":4,"fecha_agregado":"2025-08-05T16:20:02.000000Z","updated_at":"2025-08-05T16:20:02.000000Z","created_at":"2025-08-05T16:20:02.000000Z","id":25}}}} 
[2025-08-05 16:20:10] local.INFO: Favorites WEB index called {"has_employee":"yes","employee_id":"h1kVtXbsXYgbnEiTyZUKldw0Onu1","has_auth_header":true,"user_agent":"Mozilla/5.0 (Windows NT 10.0; Win64; x64; rv:141.0) Gecko/20100101 Firefox/141.0"} 
[2025-08-05 16:20:10] local.INFO: FavoritesService::getUserFavorites called {"employee_id":"h1kVtXbsXYgbnEiTyZUKldw0Onu1"} 
[2025-08-05 16:20:10] local.INFO: FavoritesService::getUserFavorites result {"employee_id":"h1kVtXbsXYgbnEiTyZUKldw0Onu1","count":3,"favorites":[25,24,23]} 
[2025-08-05 16:20:10] local.INFO: Favorites WEB index result {"has_employee":"yes","favorites_count":3,"stats":{"total_favorites":3,"available_favorites":3,"total_cost":2750,"affordable_favorites":0,"can_afford_all":false}} 
[2025-08-05 16:20:10] local.INFO: FavoritesService::getUserFavorites called {"employee_id":"h1kVtXbsXYgbnEiTyZUKldw0Onu1"} 
[2025-08-05 16:20:10] local.INFO: FavoritesService::getUserFavorites result {"employee_id":"h1kVtXbsXYgbnEiTyZUKldw0Onu1","count":3,"favorites":[25,24,23]} 
[2025-08-05 16:22:46] local.INFO: Favorites WEB index called {"has_employee":"yes","employee_id":"h1kVtXbsXYgbnEiTyZUKldw0Onu1","has_auth_header":true,"user_agent":"Mozilla/5.0 (Windows NT 10.0; Win64; x64; rv:141.0) Gecko/20100101 Firefox/141.0"} 
[2025-08-05 16:22:46] local.INFO: FavoritesService::getUserFavorites called {"employee_id":"h1kVtXbsXYgbnEiTyZUKldw0Onu1"} 
[2025-08-05 16:22:46] local.INFO: FavoritesService::getUserFavorites result {"employee_id":"h1kVtXbsXYgbnEiTyZUKldw0Onu1","count":3,"favorites":[25,24,23]} 
[2025-08-05 16:22:46] local.INFO: Favorites WEB index result {"has_employee":"yes","favorites_count":3,"stats":{"total_favorites":3,"available_favorites":3,"total_cost":2750,"affordable_favorites":0,"can_afford_all":false}} 
[2025-08-05 16:22:46] local.INFO: FavoritesService::getUserFavorites called {"employee_id":"h1kVtXbsXYgbnEiTyZUKldw0Onu1"} 
[2025-08-05 16:22:46] local.INFO: FavoritesService::getUserFavorites result {"employee_id":"h1kVtXbsXYgbnEiTyZUKldw0Onu1","count":3,"favorites":[25,24,23]} 
[2025-08-05 16:31:50] local.INFO: Favorites WEB index called {"has_employee":"yes","employee_id":"h1kVtXbsXYgbnEiTyZUKldw0Onu1","has_auth_header":true,"user_agent":"Mozilla/5.0 (Windows NT 10.0; Win64; x64; rv:141.0) Gecko/20100101 Firefox/141.0"} 
[2025-08-05 16:31:50] local.INFO: FavoritesService::getUserFavorites called {"employee_id":"h1kVtXbsXYgbnEiTyZUKldw0Onu1"} 
[2025-08-05 16:31:50] local.INFO: FavoritesService::getUserFavorites result {"employee_id":"h1kVtXbsXYgbnEiTyZUKldw0Onu1","count":3,"favorites":[25,24,23]} 
[2025-08-05 16:31:50] local.INFO: Favorites WEB index result {"has_employee":"yes","favorites_count":3,"stats":{"total_favorites":3,"available_favorites":3,"total_cost":2750,"affordable_favorites":0,"can_afford_all":false}} 
[2025-08-05 16:31:50] local.INFO: FavoritesService::getUserFavorites called {"employee_id":"h1kVtXbsXYgbnEiTyZUKldw0Onu1"} 
[2025-08-05 16:31:50] local.INFO: FavoritesService::getUserFavorites result {"employee_id":"h1kVtXbsXYgbnEiTyZUKldw0Onu1","count":3,"favorites":[25,24,23]} 
[2025-08-05 17:50:20] local.INFO: Favorites WEB index called {"has_employee":"yes","employee_id":"h1kVtXbsXYgbnEiTyZUKldw0Onu1","has_auth_header":true,"user_agent":"Mozilla/5.0 (Windows NT 10.0; Win64; x64; rv:141.0) Gecko/20100101 Firefox/141.0"} 
[2025-08-05 17:50:20] local.INFO: FavoritesService::getUserFavorites called {"employee_id":"h1kVtXbsXYgbnEiTyZUKldw0Onu1"} 
[2025-08-05 17:50:20] local.INFO: FavoritesService::getUserFavorites result {"employee_id":"h1kVtXbsXYgbnEiTyZUKldw0Onu1","count":3,"favorites":[25,24,23]} 
[2025-08-05 17:50:20] local.INFO: Favorites WEB index result {"has_employee":"yes","favorites_count":3,"stats":{"total_favorites":3,"available_favorites":3,"total_cost":2750,"affordable_favorites":0,"can_afford_all":false}} 
[2025-08-05 17:50:20] local.INFO: FavoritesService::getUserFavorites called {"employee_id":"h1kVtXbsXYgbnEiTyZUKldw0Onu1"} 
[2025-08-05 17:50:20] local.INFO: FavoritesService::getUserFavorites result {"employee_id":"h1kVtXbsXYgbnEiTyZUKldw0Onu1","count":3,"favorites":[25,24,23]} 
[2025-08-05 17:50:27] local.INFO: FavoritesService::getUserFavorites called {"employee_id":"h1kVtXbsXYgbnEiTyZUKldw0Onu1"} 
[2025-08-05 17:50:27] local.INFO: FavoritesService::getUserFavorites result {"employee_id":"h1kVtXbsXYgbnEiTyZUKldw0Onu1","count":2,"favorites":[25,23]} 
[2025-08-05 17:50:35] local.INFO: Favorites WEB index called {"has_employee":"yes","employee_id":"h1kVtXbsXYgbnEiTyZUKldw0Onu1","has_auth_header":true,"user_agent":"Mozilla/5.0 (Windows NT 10.0; Win64; x64; rv:141.0) Gecko/20100101 Firefox/141.0"} 
[2025-08-05 17:50:35] local.INFO: FavoritesService::getUserFavorites called {"employee_id":"h1kVtXbsXYgbnEiTyZUKldw0Onu1"} 
[2025-08-05 17:50:35] local.INFO: FavoritesService::getUserFavorites result {"employee_id":"h1kVtXbsXYgbnEiTyZUKldw0Onu1","count":2,"favorites":[25,23]} 
[2025-08-05 17:50:35] local.INFO: Favorites WEB index result {"has_employee":"yes","favorites_count":2,"stats":{"total_favorites":2,"available_favorites":2,"total_cost":750,"affordable_favorites":0,"can_afford_all":false}} 
[2025-08-05 17:50:35] local.INFO: FavoritesService::getUserFavorites called {"employee_id":"h1kVtXbsXYgbnEiTyZUKldw0Onu1"} 
[2025-08-05 17:50:35] local.INFO: FavoritesService::getUserFavorites result {"employee_id":"h1kVtXbsXYgbnEiTyZUKldw0Onu1","count":2,"favorites":[25,23]} 
[2025-08-05 17:50:42] local.INFO: Favorites API toggle called {"product_id":3,"employee_id":"h1kVtXbsXYgbnEiTyZUKldw0Onu1","employee_exists":"yes"} 
[2025-08-05 17:50:42] local.INFO: Favorite::toggle called {"employee_id":"h1kVtXbsXYgbnEiTyZUKldw0Onu1","product_id":3} 
[2025-08-05 17:50:42] local.INFO: Favorite::toggle - existing favorite found {"employee_id":"h1kVtXbsXYgbnEiTyZUKldw0Onu1","product_id":3,"existing_favorite":23} 
[2025-08-05 17:50:42] local.INFO: Favorite::toggle - removed favorite {"employee_id":"h1kVtXbsXYgbnEiTyZUKldw0Onu1","product_id":3,"deleted_favorite_id":23} 
[2025-08-05 17:50:42] local.INFO: Favorite toggled {"employee_id":"h1kVtXbsXYgbnEiTyZUKldw0Onu1","product_id":3,"action":"removed"} 
[2025-08-05 17:50:42] local.INFO: Favorites API toggle result {"employee_id":"h1kVtXbsXYgbnEiTyZUKldw0Onu1","product_id":3,"added":false,"result":{"added":false,"favorite":null}} 
[2025-08-05 17:50:46] local.INFO: Favorites API toggle called {"product_id":3,"employee_id":"h1kVtXbsXYgbnEiTyZUKldw0Onu1","employee_exists":"yes"} 
[2025-08-05 17:50:46] local.INFO: Favorite::toggle called {"employee_id":"h1kVtXbsXYgbnEiTyZUKldw0Onu1","product_id":3} 
[2025-08-05 17:50:46] local.INFO: Favorite::toggle - existing favorite found {"employee_id":"h1kVtXbsXYgbnEiTyZUKldw0Onu1","product_id":3,"existing_favorite":"none"} 
[2025-08-05 17:50:46] local.INFO: Favorite::toggle - created favorite {"employee_id":"h1kVtXbsXYgbnEiTyZUKldw0Onu1","product_id":3,"created_favorite_id":26} 
[2025-08-05 17:50:46] local.INFO: Favorite toggled {"employee_id":"h1kVtXbsXYgbnEiTyZUKldw0Onu1","product_id":3,"action":"added"} 
[2025-08-05 17:50:46] local.INFO: Favorites API toggle result {"employee_id":"h1kVtXbsXYgbnEiTyZUKldw0Onu1","product_id":3,"added":true,"result":{"added":true,"favorite":{"App\\Models\\Favorite":{"empleado_id":"h1kVtXbsXYgbnEiTyZUKldw0Onu1","producto_id":3,"fecha_agregado":"2025-08-05T17:50:46.000000Z","updated_at":"2025-08-05T17:50:46.000000Z","created_at":"2025-08-05T17:50:46.000000Z","id":26}}}} 
[2025-08-05 18:14:15] local.INFO: Favorites API index called {"has_employee":"yes","employee_id":"h1kVtXbsXYgbnEiTyZUKldw0Onu1"} 
[2025-08-05 18:14:15] local.INFO: FavoritesService::getUserFavorites called {"employee_id":"h1kVtXbsXYgbnEiTyZUKldw0Onu1"} 
[2025-08-05 18:14:15] local.INFO: FavoritesService::getUserFavorites result {"employee_id":"h1kVtXbsXYgbnEiTyZUKldw0Onu1","count":2,"favorites":[26,25]} 
[2025-08-05 18:14:15] local.INFO: Favorites API index result {"employee_id":"h1kVtXbsXYgbnEiTyZUKldw0Onu1","favorites_count":2,"stats":{"total_favorites":2,"available_favorites":2,"total_cost":750,"affordable_favorites":0,"can_afford_all":false}} 
[2025-08-05 18:14:16] local.INFO: Favorites API index called {"has_employee":"yes","employee_id":"h1kVtXbsXYgbnEiTyZUKldw0Onu1"} 
[2025-08-05 18:14:16] local.INFO: FavoritesService::getUserFavorites called {"employee_id":"h1kVtXbsXYgbnEiTyZUKldw0Onu1"} 
[2025-08-05 18:14:16] local.INFO: FavoritesService::getUserFavorites result {"employee_id":"h1kVtXbsXYgbnEiTyZUKldw0Onu1","count":2,"favorites":[26,25]} 
[2025-08-05 18:14:16] local.INFO: Favorites API index result {"employee_id":"h1kVtXbsXYgbnEiTyZUKldw0Onu1","favorites_count":2,"stats":{"total_favorites":2,"available_favorites":2,"total_cost":750,"affordable_favorites":0,"can_afford_all":false}} 
[2025-08-05 18:14:28] local.INFO: Favorites API index called {"has_employee":"yes","employee_id":"h1kVtXbsXYgbnEiTyZUKldw0Onu1"} 
[2025-08-05 18:14:28] local.INFO: FavoritesService::getUserFavorites called {"employee_id":"h1kVtXbsXYgbnEiTyZUKldw0Onu1"} 
[2025-08-05 18:14:28] local.INFO: FavoritesService::getUserFavorites result {"employee_id":"h1kVtXbsXYgbnEiTyZUKldw0Onu1","count":2,"favorites":[26,25]} 
[2025-08-05 18:14:28] local.INFO: Favorites API index result {"employee_id":"h1kVtXbsXYgbnEiTyZUKldw0Onu1","favorites_count":2,"stats":{"total_favorites":2,"available_favorites":2,"total_cost":750,"affordable_favorites":0,"can_afford_all":false}} 
[2025-08-05 18:14:29] local.INFO: Favorites API index called {"has_employee":"yes","employee_id":"h1kVtXbsXYgbnEiTyZUKldw0Onu1"} 
[2025-08-05 18:14:29] local.INFO: FavoritesService::getUserFavorites called {"employee_id":"h1kVtXbsXYgbnEiTyZUKldw0Onu1"} 
[2025-08-05 18:14:29] local.INFO: FavoritesService::getUserFavorites result {"employee_id":"h1kVtXbsXYgbnEiTyZUKldw0Onu1","count":2,"favorites":[26,25]} 
[2025-08-05 18:14:29] local.INFO: Favorites API index result {"employee_id":"h1kVtXbsXYgbnEiTyZUKldw0Onu1","favorites_count":2,"stats":{"total_favorites":2,"available_favorites":2,"total_cost":750,"affordable_favorites":0,"can_afford_all":false}} 
[2025-08-05 18:14:39] local.INFO: Favorites API index called {"has_employee":"yes","employee_id":"h1kVtXbsXYgbnEiTyZUKldw0Onu1"} 
[2025-08-05 18:14:39] local.INFO: FavoritesService::getUserFavorites called {"employee_id":"h1kVtXbsXYgbnEiTyZUKldw0Onu1"} 
[2025-08-05 18:14:39] local.INFO: FavoritesService::getUserFavorites result {"employee_id":"h1kVtXbsXYgbnEiTyZUKldw0Onu1","count":2,"favorites":[26,25]} 
[2025-08-05 18:14:39] local.INFO: Favorites API index result {"employee_id":"h1kVtXbsXYgbnEiTyZUKldw0Onu1","favorites_count":2,"stats":{"total_favorites":2,"available_favorites":2,"total_cost":750,"affordable_favorites":0,"can_afford_all":false}} 
[2025-08-05 18:14:40] local.INFO: Favorites API index called {"has_employee":"yes","employee_id":"h1kVtXbsXYgbnEiTyZUKldw0Onu1"} 
[2025-08-05 18:14:40] local.INFO: FavoritesService::getUserFavorites called {"employee_id":"h1kVtXbsXYgbnEiTyZUKldw0Onu1"} 
[2025-08-05 18:14:40] local.INFO: FavoritesService::getUserFavorites result {"employee_id":"h1kVtXbsXYgbnEiTyZUKldw0Onu1","count":2,"favorites":[26,25]} 
[2025-08-05 18:14:40] local.INFO: Favorites API index result {"employee_id":"h1kVtXbsXYgbnEiTyZUKldw0Onu1","favorites_count":2,"stats":{"total_favorites":2,"available_favorites":2,"total_cost":750,"affordable_favorites":0,"can_afford_all":false}} 
[2025-08-05 18:21:59] local.INFO: Expired Firebase token {"user_agent":"Mozilla/5.0 (Windows NT 10.0; Win64; x64; rv:141.0) Gecko/20100101 Firefox/141.0","ip":"127.0.0.1"} 
[2025-08-05 18:22:00] local.INFO: Favorites API index called {"has_employee":"yes","employee_id":"h1kVtXbsXYgbnEiTyZUKldw0Onu1"} 
[2025-08-05 18:22:00] local.INFO: FavoritesService::getUserFavorites called {"employee_id":"h1kVtXbsXYgbnEiTyZUKldw0Onu1"} 
[2025-08-05 18:22:00] local.INFO: FavoritesService::getUserFavorites result {"employee_id":"h1kVtXbsXYgbnEiTyZUKldw0Onu1","count":2,"favorites":[26,25]} 
[2025-08-05 18:22:00] local.INFO: Favorites API index result {"employee_id":"h1kVtXbsXYgbnEiTyZUKldw0Onu1","favorites_count":2,"stats":{"total_favorites":2,"available_favorites":2,"total_cost":750,"affordable_favorites":0,"can_afford_all":false}} 
[2025-08-05 18:22:09] local.INFO: Favorites API index called {"has_employee":"yes","employee_id":"h1kVtXbsXYgbnEiTyZUKldw0Onu1"} 
[2025-08-05 18:22:09] local.INFO: FavoritesService::getUserFavorites called {"employee_id":"h1kVtXbsXYgbnEiTyZUKldw0Onu1"} 
[2025-08-05 18:22:09] local.INFO: FavoritesService::getUserFavorites result {"employee_id":"h1kVtXbsXYgbnEiTyZUKldw0Onu1","count":2,"favorites":[26,25]} 
[2025-08-05 18:22:09] local.INFO: Favorites API index result {"employee_id":"h1kVtXbsXYgbnEiTyZUKldw0Onu1","favorites_count":2,"stats":{"total_favorites":2,"available_favorites":2,"total_cost":750,"affordable_favorites":0,"can_afford_all":false}} 
[2025-08-05 18:22:10] local.INFO: Favorites API index called {"has_employee":"yes","employee_id":"h1kVtXbsXYgbnEiTyZUKldw0Onu1"} 
[2025-08-05 18:22:10] local.INFO: FavoritesService::getUserFavorites called {"employee_id":"h1kVtXbsXYgbnEiTyZUKldw0Onu1"} 
[2025-08-05 18:22:10] local.INFO: FavoritesService::getUserFavorites result {"employee_id":"h1kVtXbsXYgbnEiTyZUKldw0Onu1","count":2,"favorites":[26,25]} 
[2025-08-05 18:22:10] local.INFO: Favorites API index result {"employee_id":"h1kVtXbsXYgbnEiTyZUKldw0Onu1","favorites_count":2,"stats":{"total_favorites":2,"available_favorites":2,"total_cost":750,"affordable_favorites":0,"can_afford_all":false}} 
[2025-08-05 18:22:17] local.INFO: Favorites API index called {"has_employee":"yes","employee_id":"h1kVtXbsXYgbnEiTyZUKldw0Onu1"} 
[2025-08-05 18:22:17] local.INFO: FavoritesService::getUserFavorites called {"employee_id":"h1kVtXbsXYgbnEiTyZUKldw0Onu1"} 
[2025-08-05 18:22:17] local.INFO: FavoritesService::getUserFavorites result {"employee_id":"h1kVtXbsXYgbnEiTyZUKldw0Onu1","count":2,"favorites":[26,25]} 
[2025-08-05 18:22:17] local.INFO: Favorites API index result {"employee_id":"h1kVtXbsXYgbnEiTyZUKldw0Onu1","favorites_count":2,"stats":{"total_favorites":2,"available_favorites":2,"total_cost":750,"affordable_favorites":0,"can_afford_all":false}} 
[2025-08-05 18:22:18] local.INFO: Favorites API index called {"has_employee":"yes","employee_id":"h1kVtXbsXYgbnEiTyZUKldw0Onu1"} 
[2025-08-05 18:22:18] local.INFO: FavoritesService::getUserFavorites called {"employee_id":"h1kVtXbsXYgbnEiTyZUKldw0Onu1"} 
[2025-08-05 18:22:18] local.INFO: FavoritesService::getUserFavorites result {"employee_id":"h1kVtXbsXYgbnEiTyZUKldw0Onu1","count":2,"favorites":[26,25]} 
[2025-08-05 18:22:18] local.INFO: Favorites API index result {"employee_id":"h1kVtXbsXYgbnEiTyZUKldw0Onu1","favorites_count":2,"stats":{"total_favorites":2,"available_favorites":2,"total_cost":750,"affordable_favorites":0,"can_afford_all":false}} 
[2025-08-05 18:22:24] local.INFO: Favorites API index called {"has_employee":"yes","employee_id":"h1kVtXbsXYgbnEiTyZUKldw0Onu1"} 
[2025-08-05 18:22:24] local.INFO: FavoritesService::getUserFavorites called {"employee_id":"h1kVtXbsXYgbnEiTyZUKldw0Onu1"} 
[2025-08-05 18:22:24] local.INFO: FavoritesService::getUserFavorites result {"employee_id":"h1kVtXbsXYgbnEiTyZUKldw0Onu1","count":2,"favorites":[26,25]} 
[2025-08-05 18:22:24] local.INFO: Favorites API index result {"employee_id":"h1kVtXbsXYgbnEiTyZUKldw0Onu1","favorites_count":2,"stats":{"total_favorites":2,"available_favorites":2,"total_cost":750,"affordable_favorites":0,"can_afford_all":false}} 
[2025-08-05 18:22:25] local.INFO: Favorites API index called {"has_employee":"yes","employee_id":"h1kVtXbsXYgbnEiTyZUKldw0Onu1"} 
[2025-08-05 18:22:25] local.INFO: FavoritesService::getUserFavorites called {"employee_id":"h1kVtXbsXYgbnEiTyZUKldw0Onu1"} 
[2025-08-05 18:22:25] local.INFO: FavoritesService::getUserFavorites result {"employee_id":"h1kVtXbsXYgbnEiTyZUKldw0Onu1","count":2,"favorites":[26,25]} 
[2025-08-05 18:22:25] local.INFO: Favorites API index result {"employee_id":"h1kVtXbsXYgbnEiTyZUKldw0Onu1","favorites_count":2,"stats":{"total_favorites":2,"available_favorites":2,"total_cost":750,"affordable_favorites":0,"can_afford_all":false}} 
[2025-08-05 18:22:27] local.INFO: Favorites WEB index called {"has_employee":"yes","employee_id":"h1kVtXbsXYgbnEiTyZUKldw0Onu1","has_auth_header":true,"user_agent":"Mozilla/5.0 (Windows NT 10.0; Win64; x64; rv:141.0) Gecko/20100101 Firefox/141.0"} 
[2025-08-05 18:22:27] local.INFO: FavoritesService::getUserFavorites called {"employee_id":"h1kVtXbsXYgbnEiTyZUKldw0Onu1"} 
[2025-08-05 18:22:27] local.INFO: FavoritesService::getUserFavorites result {"employee_id":"h1kVtXbsXYgbnEiTyZUKldw0Onu1","count":2,"favorites":[26,25]} 
[2025-08-05 18:22:27] local.INFO: Favorites WEB index result {"has_employee":"yes","favorites_count":2,"stats":{"total_favorites":2,"available_favorites":2,"total_cost":750,"affordable_favorites":0,"can_afford_all":false}} 
[2025-08-05 18:22:27] local.INFO: FavoritesService::getUserFavorites called {"employee_id":"h1kVtXbsXYgbnEiTyZUKldw0Onu1"} 
[2025-08-05 18:22:27] local.INFO: FavoritesService::getUserFavorites result {"employee_id":"h1kVtXbsXYgbnEiTyZUKldw0Onu1","count":2,"favorites":[26,25]} 
[2025-08-05 18:22:34] local.INFO: Favorites API index called {"has_employee":"yes","employee_id":"h1kVtXbsXYgbnEiTyZUKldw0Onu1"} 
[2025-08-05 18:22:34] local.INFO: FavoritesService::getUserFavorites called {"employee_id":"h1kVtXbsXYgbnEiTyZUKldw0Onu1"} 
[2025-08-05 18:22:34] local.INFO: FavoritesService::getUserFavorites result {"employee_id":"h1kVtXbsXYgbnEiTyZUKldw0Onu1","count":2,"favorites":[26,25]} 
[2025-08-05 18:22:34] local.INFO: Favorites API index result {"employee_id":"h1kVtXbsXYgbnEiTyZUKldw0Onu1","favorites_count":2,"stats":{"total_favorites":2,"available_favorites":2,"total_cost":750,"affordable_favorites":0,"can_afford_all":false}} 
[2025-08-05 18:22:35] local.INFO: Favorites API index called {"has_employee":"yes","employee_id":"h1kVtXbsXYgbnEiTyZUKldw0Onu1"} 
[2025-08-05 18:22:35] local.INFO: FavoritesService::getUserFavorites called {"employee_id":"h1kVtXbsXYgbnEiTyZUKldw0Onu1"} 
[2025-08-05 18:22:35] local.INFO: FavoritesService::getUserFavorites result {"employee_id":"h1kVtXbsXYgbnEiTyZUKldw0Onu1","count":2,"favorites":[26,25]} 
[2025-08-05 18:22:35] local.INFO: Favorites API index result {"employee_id":"h1kVtXbsXYgbnEiTyZUKldw0Onu1","favorites_count":2,"stats":{"total_favorites":2,"available_favorites":2,"total_cost":750,"affordable_favorites":0,"can_afford_all":false}} 
[2025-08-05 18:22:58] local.INFO: Favorites API index called {"has_employee":"yes","employee_id":"h1kVtXbsXYgbnEiTyZUKldw0Onu1"} 
[2025-08-05 18:22:58] local.INFO: FavoritesService::getUserFavorites called {"employee_id":"h1kVtXbsXYgbnEiTyZUKldw0Onu1"} 
[2025-08-05 18:22:58] local.INFO: FavoritesService::getUserFavorites result {"employee_id":"h1kVtXbsXYgbnEiTyZUKldw0Onu1","count":2,"favorites":[26,25]} 
[2025-08-05 18:22:58] local.INFO: Favorites API index result {"employee_id":"h1kVtXbsXYgbnEiTyZUKldw0Onu1","favorites_count":2,"stats":{"total_favorites":2,"available_favorites":2,"total_cost":750,"affordable_favorites":0,"can_afford_all":false}} 
[2025-08-05 18:22:59] local.INFO: Favorites API index called {"has_employee":"yes","employee_id":"h1kVtXbsXYgbnEiTyZUKldw0Onu1"} 
[2025-08-05 18:22:59] local.INFO: FavoritesService::getUserFavorites called {"employee_id":"h1kVtXbsXYgbnEiTyZUKldw0Onu1"} 
[2025-08-05 18:22:59] local.INFO: FavoritesService::getUserFavorites result {"employee_id":"h1kVtXbsXYgbnEiTyZUKldw0Onu1","count":2,"favorites":[26,25]} 
[2025-08-05 18:22:59] local.INFO: Favorites API index result {"employee_id":"h1kVtXbsXYgbnEiTyZUKldw0Onu1","favorites_count":2,"stats":{"total_favorites":2,"available_favorites":2,"total_cost":750,"affordable_favorites":0,"can_afford_all":false}} 
[2025-08-05 18:23:21] local.INFO: Favorites API index called {"has_employee":"yes","employee_id":"h1kVtXbsXYgbnEiTyZUKldw0Onu1"} 
[2025-08-05 18:23:21] local.INFO: FavoritesService::getUserFavorites called {"employee_id":"h1kVtXbsXYgbnEiTyZUKldw0Onu1"} 
[2025-08-05 18:23:21] local.INFO: FavoritesService::getUserFavorites result {"employee_id":"h1kVtXbsXYgbnEiTyZUKldw0Onu1","count":2,"favorites":[26,25]} 
[2025-08-05 18:23:21] local.INFO: Favorites API index result {"employee_id":"h1kVtXbsXYgbnEiTyZUKldw0Onu1","favorites_count":2,"stats":{"total_favorites":2,"available_favorites":2,"total_cost":750,"affordable_favorites":0,"can_afford_all":false}} 
[2025-08-05 18:23:22] local.INFO: Favorites API index called {"has_employee":"yes","employee_id":"h1kVtXbsXYgbnEiTyZUKldw0Onu1"} 
[2025-08-05 18:23:22] local.INFO: FavoritesService::getUserFavorites called {"employee_id":"h1kVtXbsXYgbnEiTyZUKldw0Onu1"} 
[2025-08-05 18:23:22] local.INFO: FavoritesService::getUserFavorites result {"employee_id":"h1kVtXbsXYgbnEiTyZUKldw0Onu1","count":2,"favorites":[26,25]} 
[2025-08-05 18:23:22] local.INFO: Favorites API index result {"employee_id":"h1kVtXbsXYgbnEiTyZUKldw0Onu1","favorites_count":2,"stats":{"total_favorites":2,"available_favorites":2,"total_cost":750,"affordable_favorites":0,"can_afford_all":false}} 
[2025-08-05 18:30:43] local.INFO: Favorites API index called {"has_employee":"yes","employee_id":"h1kVtXbsXYgbnEiTyZUKldw0Onu1"} 
[2025-08-05 18:30:43] local.INFO: FavoritesService::getUserFavorites called {"employee_id":"h1kVtXbsXYgbnEiTyZUKldw0Onu1"} 
[2025-08-05 18:30:43] local.INFO: FavoritesService::getUserFavorites result {"employee_id":"h1kVtXbsXYgbnEiTyZUKldw0Onu1","count":2,"favorites":[26,25]} 
[2025-08-05 18:30:43] local.INFO: Favorites API index result {"employee_id":"h1kVtXbsXYgbnEiTyZUKldw0Onu1","favorites_count":2,"stats":{"total_favorites":2,"available_favorites":2,"total_cost":750,"affordable_favorites":0,"can_afford_all":false}} 
[2025-08-05 18:30:43] local.INFO: Favorites API index called {"has_employee":"yes","employee_id":"h1kVtXbsXYgbnEiTyZUKldw0Onu1"} 
[2025-08-05 18:30:43] local.INFO: FavoritesService::getUserFavorites called {"employee_id":"h1kVtXbsXYgbnEiTyZUKldw0Onu1"} 
[2025-08-05 18:30:43] local.INFO: FavoritesService::getUserFavorites result {"employee_id":"h1kVtXbsXYgbnEiTyZUKldw0Onu1","count":2,"favorites":[26,25]} 
[2025-08-05 18:30:43] local.INFO: Favorites API index result {"employee_id":"h1kVtXbsXYgbnEiTyZUKldw0Onu1","favorites_count":2,"stats":{"total_favorites":2,"available_favorites":2,"total_cost":750,"affordable_favorites":0,"can_afford_all":false}} 
[2025-08-05 18:30:50] local.INFO: Favorites API index called {"has_employee":"yes","employee_id":"h1kVtXbsXYgbnEiTyZUKldw0Onu1"} 
[2025-08-05 18:30:50] local.INFO: FavoritesService::getUserFavorites called {"employee_id":"h1kVtXbsXYgbnEiTyZUKldw0Onu1"} 
[2025-08-05 18:30:50] local.INFO: FavoritesService::getUserFavorites result {"employee_id":"h1kVtXbsXYgbnEiTyZUKldw0Onu1","count":2,"favorites":[26,25]} 
[2025-08-05 18:30:50] local.INFO: Favorites API index result {"employee_id":"h1kVtXbsXYgbnEiTyZUKldw0Onu1","favorites_count":2,"stats":{"total_favorites":2,"available_favorites":2,"total_cost":750,"affordable_favorites":0,"can_afford_all":false}} 
[2025-08-05 18:30:50] local.INFO: Favorites API index called {"has_employee":"yes","employee_id":"h1kVtXbsXYgbnEiTyZUKldw0Onu1"} 
[2025-08-05 18:30:50] local.INFO: FavoritesService::getUserFavorites called {"employee_id":"h1kVtXbsXYgbnEiTyZUKldw0Onu1"} 
[2025-08-05 18:30:50] local.INFO: FavoritesService::getUserFavorites result {"employee_id":"h1kVtXbsXYgbnEiTyZUKldw0Onu1","count":2,"favorites":[26,25]} 
[2025-08-05 18:30:50] local.INFO: Favorites API index result {"employee_id":"h1kVtXbsXYgbnEiTyZUKldw0Onu1","favorites_count":2,"stats":{"total_favorites":2,"available_favorites":2,"total_cost":750,"affordable_favorites":0,"can_afford_all":false}} 
[2025-08-05 18:31:20] local.INFO: Favorites WEB index called {"has_employee":"yes","employee_id":"h1kVtXbsXYgbnEiTyZUKldw0Onu1","has_auth_header":true,"user_agent":"Mozilla/5.0 (Windows NT 10.0; Win64; x64; rv:141.0) Gecko/20100101 Firefox/141.0"} 
[2025-08-05 18:31:20] local.INFO: FavoritesService::getUserFavorites called {"employee_id":"h1kVtXbsXYgbnEiTyZUKldw0Onu1"} 
[2025-08-05 18:31:20] local.INFO: FavoritesService::getUserFavorites result {"employee_id":"h1kVtXbsXYgbnEiTyZUKldw0Onu1","count":2,"favorites":[26,25]} 
[2025-08-05 18:31:20] local.INFO: Favorites WEB index result {"has_employee":"yes","favorites_count":2,"stats":{"total_favorites":2,"available_favorites":2,"total_cost":750,"affordable_favorites":0,"can_afford_all":false}} 
[2025-08-05 18:31:20] local.INFO: FavoritesService::getUserFavorites called {"employee_id":"h1kVtXbsXYgbnEiTyZUKldw0Onu1"} 
[2025-08-05 18:31:20] local.INFO: FavoritesService::getUserFavorites result {"employee_id":"h1kVtXbsXYgbnEiTyZUKldw0Onu1","count":2,"favorites":[26,25]} 
[2025-08-05 19:43:13] local.INFO: Favorites WEB index called {"has_employee":"yes","employee_id":"h1kVtXbsXYgbnEiTyZUKldw0Onu1","has_auth_header":true,"user_agent":"Mozilla/5.0 (Windows NT 10.0; Win64; x64; rv:141.0) Gecko/20100101 Firefox/141.0"} 
[2025-08-05 19:43:13] local.INFO: FavoritesService::getUserFavorites called {"employee_id":"h1kVtXbsXYgbnEiTyZUKldw0Onu1"} 
[2025-08-05 19:43:13] local.INFO: FavoritesService::getUserFavorites result {"employee_id":"h1kVtXbsXYgbnEiTyZUKldw0Onu1","count":2,"favorites":[26,25]} 
[2025-08-05 19:43:13] local.INFO: Favorites WEB index result {"has_employee":"yes","favorites_count":2,"stats":{"total_favorites":2,"available_favorites":2,"total_cost":750,"affordable_favorites":0,"can_afford_all":false}} 
[2025-08-05 19:43:13] local.INFO: FavoritesService::getUserFavorites called {"employee_id":"h1kVtXbsXYgbnEiTyZUKldw0Onu1"} 
[2025-08-05 19:43:13] local.INFO: FavoritesService::getUserFavorites result {"employee_id":"h1kVtXbsXYgbnEiTyZUKldw0Onu1","count":2,"favorites":[26,25]} 
[2025-08-05 19:58:12] local.INFO: Favorites API index called {"has_employee":"yes","employee_id":"h1kVtXbsXYgbnEiTyZUKldw0Onu1"} 
[2025-08-05 19:58:12] local.INFO: FavoritesService::getUserFavorites called {"employee_id":"h1kVtXbsXYgbnEiTyZUKldw0Onu1"} 
[2025-08-05 19:58:12] local.INFO: FavoritesService::getUserFavorites result {"employee_id":"h1kVtXbsXYgbnEiTyZUKldw0Onu1","count":2,"favorites":[26,25]} 
[2025-08-05 19:58:12] local.INFO: Favorites API index result {"employee_id":"h1kVtXbsXYgbnEiTyZUKldw0Onu1","favorites_count":2,"stats":{"total_favorites":2,"available_favorites":2,"total_cost":750,"affordable_favorites":0,"can_afford_all":false}} 
[2025-08-05 19:58:12] local.INFO: Favorites API index called {"has_employee":"yes","employee_id":"h1kVtXbsXYgbnEiTyZUKldw0Onu1"} 
[2025-08-05 19:58:12] local.INFO: FavoritesService::getUserFavorites called {"employee_id":"h1kVtXbsXYgbnEiTyZUKldw0Onu1"} 
[2025-08-05 19:58:12] local.INFO: FavoritesService::getUserFavorites result {"employee_id":"h1kVtXbsXYgbnEiTyZUKldw0Onu1","count":2,"favorites":[26,25]} 
[2025-08-05 19:58:12] local.INFO: Favorites API index result {"employee_id":"h1kVtXbsXYgbnEiTyZUKldw0Onu1","favorites_count":2,"stats":{"total_favorites":2,"available_favorites":2,"total_cost":750,"affordable_favorites":0,"can_afford_all":false}} 
[2025-08-05 19:58:24] local.INFO: Favorites WEB index called {"has_employee":"yes","employee_id":"h1kVtXbsXYgbnEiTyZUKldw0Onu1","has_auth_header":true,"user_agent":"Mozilla/5.0 (Windows NT 10.0; Win64; x64; rv:141.0) Gecko/20100101 Firefox/141.0"} 
[2025-08-05 19:58:24] local.INFO: FavoritesService::getUserFavorites called {"employee_id":"h1kVtXbsXYgbnEiTyZUKldw0Onu1"} 
[2025-08-05 19:58:24] local.INFO: FavoritesService::getUserFavorites result {"employee_id":"h1kVtXbsXYgbnEiTyZUKldw0Onu1","count":2,"favorites":[26,25]} 
[2025-08-05 19:58:24] local.INFO: Favorites WEB index result {"has_employee":"yes","favorites_count":2,"stats":{"total_favorites":2,"available_favorites":2,"total_cost":750,"affordable_favorites":0,"can_afford_all":false}} 
[2025-08-05 19:58:24] local.INFO: FavoritesService::getUserFavorites called {"employee_id":"h1kVtXbsXYgbnEiTyZUKldw0Onu1"} 
[2025-08-05 19:58:24] local.INFO: FavoritesService::getUserFavorites result {"employee_id":"h1kVtXbsXYgbnEiTyZUKldw0Onu1","count":2,"favorites":[26,25]} 
